<?xml version="1.0" encoding="UTF-8"?>
<coverage generated="1776614773578" clover="3.2.0">
  <project timestamp="1776614773578" name="All files">
    <metrics statements="57" coveredstatements="49" conditionals="30" coveredconditionals="19" methods="8" coveredmethods="7" elements="95" coveredelements="75" complexity="0" loc="57" ncloc="57" packages="1" files="1" classes="1"/>
    <file name="ledger.ts" path="C:\Users\prana\OneDrive\Desktop\NEXUS\services\vault\src\ledger.ts">
      <metrics statements="57" coveredstatements="49" conditionals="30" coveredconditionals="19" methods="8" coveredmethods="7"/>
      <line num="1" count="1" type="stmt"/>
      <line num="2" count="1" type="stmt"/>
      <line num="3" count="1" type="stmt"/>
      <line num="5" count="1" type="stmt"/>
      <line num="35" count="1" type="stmt"/>
      <line num="40" count="7" type="stmt"/>
      <line num="43" count="7" type="cond" truecount="2" falsecount="0"/>
      <line num="56" count="5" type="stmt"/>
      <line num="57" count="5" type="stmt"/>
      <line num="63" count="5" type="stmt"/>
      <line num="66" count="5" type="stmt"/>
      <line num="67" count="5" type="stmt"/>
      <line num="70" count="5" type="stmt"/>
      <line num="71" count="5" type="stmt"/>
      <line num="77" count="5" type="stmt"/>
      <line num="79" count="5" type="stmt"/>
      <line num="93" count="5" type="stmt"/>
      <line num="100" count="5" type="stmt"/>
      <line num="108" count="5" type="stmt"/>
      <line num="119" count="3" type="stmt"/>
      <line num="126" count="3" type="cond" truecount="2" falsecount="0"/>
      <line num="127" count="1" type="stmt"/>
      <line num="130" count="10" type="stmt"/>
      <line num="131" count="2" type="stmt"/>
      <line num="133" count="2" type="cond" truecount="1" falsecount="1"/>
      <line num="134" count="0" type="stmt"/>
      <line num="135" count="0" type="cond" truecount="0" falsecount="2"/>
      <line num="139" count="2" type="stmt"/>
      <line num="140" count="6" type="stmt"/>
      <line num="141" count="6" type="stmt"/>
      <line num="143" count="6" type="cond" truecount="3" falsecount="1"/>
      <line num="144" count="0" type="stmt"/>
      <line num="152" count="6" type="cond" truecount="1" falsecount="1"/>
      <line num="153" count="0" type="stmt"/>
      <line num="160" count="0" type="stmt"/>
      <line num="168" count="6" type="stmt"/>
      <line num="169" count="6" type="stmt"/>
      <line num="174" count="6" type="cond" truecount="2" falsecount="0"/>
      <line num="175" count="1" type="stmt"/>
      <line num="180" count="1" type="stmt"/>
      <line num="188" count="1" type="stmt"/>
      <line num="193" count="1" type="stmt"/>
      <line num="204" count="5" type="stmt"/>
      <line num="212" count="5" type="cond" truecount="2" falsecount="0"/>
      <line num="213" count="4" type="stmt"/>
      <line num="216" count="1" type="stmt"/>
      <line num="217" count="1" type="cond" truecount="1" falsecount="1"/>
      <line num="224" count="5" type="stmt"/>
      <line num="226" count="10" type="stmt"/>
      <line num="227" count="5" type="stmt"/>
      <line num="229" count="5" type="stmt"/>
      <line num="231" count="5" type="stmt"/>
      <line num="236" count="5" type="cond" truecount="1" falsecount="1"/>
      <line num="237" count="5" type="stmt"/>
      <line num="240" count="0" type="stmt"/>
      <line num="243" count="0" type="cond" truecount="0" falsecount="2"/>
      <line num="244" count="0" type="stmt"/>
    </file>
  </project>
</coverage>
