{"C:\\Users\\prana\\OneDrive\\Desktop\\NEXUS\\services\\vault\\src\\ledger.ts": {"path":"C:\\Users\\prana\\OneDrive\\Desktop\\NEXUS\\services\\vault\\src\\ledger.ts","statementMap":{"0":{"start":{"line":1,"column":0},"end":{"line":1,"column":28}},"1":{"start":{"line":2,"column":0},"end":{"line":2,"column":52}},"2":{"start":{"line":3,"column":0},"end":{"line":3,"column":30}},"3":{"start":{"line":5,"column":15},"end":{"line":10,"column":2}},"4":{"start":{"line":40,"column":4},"end":{"line":42,"column":7}},"5":{"start":{"line":43,"column":4},"end":{"line":43,"column":171}},"6":{"start":{"line":56,"column":26},"end":{"line":56,"column":78}},"7":{"start":{"line":57,"column":24},"end":{"line":60,"column":20}},"8":{"start":{"line":63,"column":25},"end":{"line":63,"column":54}},"9":{"start":{"line":66,"column":21},"end":{"line":66,"column":40}},"10":{"start":{"line":67,"column":22},"end":{"line":67,"column":32}},"11":{"start":{"line":70,"column":26},"end":{"line":70,"column":117}},"12":{"start":{"line":71,"column":23},"end":{"line":74,"column":20}},"13":{"start":{"line":77,"column":22},"end":{"line":77,"column":55}},"14":{"start":{"line":79,"column":32},"end":{"line":90,"column":6}},"15":{"start":{"line":93,"column":4},"end":{"line":98,"column":19}},"16":{"start":{"line":100,"column":4},"end":{"line":106,"column":7}},"17":{"start":{"line":108,"column":4},"end":{"line":108,"column":18}},"18":{"start":{"line":119,"column":21},"end":{"line":124,"column":12}},"19":{"start":{"line":126,"column":4},"end":{"line":128,"column":5}},"20":{"start":{"line":127,"column":6},"end":{"line":127,"column":63}},"21":{"start":{"line":130,"column":20},"end":{"line":130,"column":73}},"22":{"start":{"line":130,"column":47},"end":{"line":130,"column":72}},"23":{"start":{"line":131,"column":21},"end":{"line":131,"column":22}},"24":{"start":{"line":133,"column":4},"end":{"line":136,"column":5}},"25":{"start":{"line":134,"column":18},"end":{"line":134,"column":72}},"26":{"start":{"line":134,"column":43},"end":{"line":134,"column":71}},"27":{"start":{"line":135,"column":6},"end":{"line":135,"column":37}},"28":{"start":{"line":135,"column":20},"end":{"line":135,"column":37}},"29":{"start":{"line":139,"column":4},"end":{"line":186,"column":5}},"30":{"start":{"line":139,"column":17},"end":{"line":139,"column":31}},"31":{"start":{"line":140,"column":22},"end":{"line":140,"column":32}},"32":{"start":{"line":141,"column":23},"end":{"line":141,"column":37}},"33":{"start":{"line":143,"column":6},"end":{"line":149,"column":7}},"34":{"start":{"line":144,"column":8},"end":{"line":148,"column":10}},"35":{"start":{"line":152,"column":6},"end":{"line":165,"column":7}},"36":{"start":{"line":153,"column":8},"end":{"line":158,"column":11}},"37":{"start":{"line":160,"column":8},"end":{"line":164,"column":10}},"38":{"start":{"line":168,"column":28},"end":{"line":168,"column":181}},"39":{"start":{"line":169,"column":27},"end":{"line":172,"column":22}},"40":{"start":{"line":174,"column":6},"end":{"line":185,"column":7}},"41":{"start":{"line":175,"column":8},"end":{"line":178,"column":11}},"42":{"start":{"line":180,"column":8},"end":{"line":184,"column":10}},"43":{"start":{"line":188,"column":4},"end":{"line":191,"column":7}},"44":{"start":{"line":193,"column":4},"end":{"line":197,"column":6}},"45":{"start":{"line":204,"column":21},"end":{"line":210,"column":12}},"46":{"start":{"line":212,"column":4},"end":{"line":214,"column":5}},"47":{"start":{"line":213,"column":6},"end":{"line":213,"column":23}},"48":{"start":{"line":216,"column":23},"end":{"line":216,"column":74}},"49":{"start":{"line":217,"column":4},"end":{"line":217,"column":48}},"50":{"start":{"line":224,"column":4},"end":{"line":248,"column":5}},"51":{"start":{"line":226,"column":45},"end":{"line":226,"column":78}},"52":{"start":{"line":227,"column":24},"end":{"line":227,"column":56}},"53":{"start":{"line":229,"column":21},"end":{"line":229,"column":76}},"54":{"start":{"line":231,"column":29},"end":{"line":234,"column":8}},"55":{"start":{"line":236,"column":6},"end":{"line":238,"column":7}},"56":{"start":{"line":237,"column":8},"end":{"line":237,"column":70}},"57":{"start":{"line":240,"column":6},"end":{"line":240,"column":45}},"58":{"start":{"line":243,"column":21},"end":{"line":243,"column":90}},"59":{"start":{"line":244,"column":6},"end":{"line":247,"column":23}},"60":{"start":{"line":35,"column":0},"end":{"line":35,"column":13}}},"fnMap":{"0":{"name":"(anonymous_10)","decl":{"start":{"line":39,"column":2},"end":{"line":39,"column":null}},"loc":{"start":{"line":39,"column":2},"end":{"line":44,"column":3}}},"1":{"name":"(anonymous_11)","decl":{"start":{"line":49,"column":2},"end":{"line":49,"column":7}},"loc":{"start":{"line":53,"column":19},"end":{"line":109,"column":3}}},"2":{"name":"(anonymous_12)","decl":{"start":{"line":114,"column":2},"end":{"line":114,"column":7}},"loc":{"start":{"line":116,"column":25},"end":{"line":198,"column":3}}},"3":{"name":"(anonymous_13)","decl":{"start":{"line":130,"column":38},"end":{"line":130,"column":39}},"loc":{"start":{"line":130,"column":47},"end":{"line":130,"column":72}}},"4":{"name":"(anonymous_14)","decl":{"start":{"line":134,"column":36},"end":{"line":134,"column":37}},"loc":{"start":{"line":134,"column":43},"end":{"line":134,"column":71}}},"5":{"name":"(anonymous_15)","decl":{"start":{"line":203,"column":10},"end":{"line":203,"column":15}},"loc":{"start":{"line":203,"column":41},"end":{"line":218,"column":3}}},"6":{"name":"(anonymous_16)","decl":{"start":{"line":223,"column":10},"end":{"line":223,"column":15}},"loc":{"start":{"line":223,"column":45},"end":{"line":249,"column":3}}},"7":{"name":"(anonymous_17)","decl":{"start":{"line":226,"column":45},"end":{"line":226,"column":58}},"loc":{"start":{"line":226,"column":45},"end":{"line":226,"column":78}}}},"branchMap":{"0":{"loc":{"start":{"line":6,"column":9},"end":{"line":6,"column":43}},"type":"binary-expr","locations":[{"start":{"line":6,"column":9},"end":{"line":6,"column":33}},{"start":{"line":6,"column":37},"end":{"line":6,"column":43}}]},"1":{"loc":{"start":{"line":41,"column":17},"end":{"line":41,"column":72}},"type":"binary-expr","locations":[{"start":{"line":41,"column":17},"end":{"line":41,"column":52}},{"start":{"line":41,"column":56},"end":{"line":41,"column":72}}]},"2":{"loc":{"start":{"line":43,"column":22},"end":{"line":43,"column":170}},"type":"binary-expr","locations":[{"start":{"line":43,"column":22},"end":{"line":43,"column":49}},{"start":{"line":43,"column":53},"end":{"line":43,"column":170}}]},"3":{"loc":{"start":{"line":126,"column":4},"end":{"line":128,"column":5}},"type":"if","locations":[{"start":{"line":126,"column":4},"end":{"line":128,"column":5}},{"start":{},"end":{}}]},"4":{"loc":{"start":{"line":133,"column":4},"end":{"line":136,"column":5}},"type":"if","locations":[{"start":{"line":133,"column":4},"end":{"line":136,"column":5}},{"start":{},"end":{}}]},"5":{"loc":{"start":{"line":135,"column":6},"end":{"line":135,"column":37}},"type":"if","locations":[{"start":{"line":135,"column":6},"end":{"line":135,"column":37}},{"start":{},"end":{}}]},"6":{"loc":{"start":{"line":143,"column":6},"end":{"line":149,"column":7}},"type":"if","locations":[{"start":{"line":143,"column":6},"end":{"line":149,"column":7}},{"start":{},"end":{}}]},"7":{"loc":{"start":{"line":143,"column":10},"end":{"line":143,"column":31}},"type":"binary-expr","locations":[{"start":{"line":143,"column":10},"end":{"line":143,"column":18}},{"start":{"line":143,"column":22},"end":{"line":143,"column":31}}]},"8":{"loc":{"start":{"line":146,"column":21},"end":{"line":146,"column":52}},"type":"binary-expr","locations":[{"start":{"line":146,"column":21},"end":{"line":146,"column":39}},{"start":{"line":146,"column":43},"end":{"line":146,"column":52}}]},"9":{"loc":{"start":{"line":152,"column":6},"end":{"line":165,"column":7}},"type":"if","locations":[{"start":{"line":152,"column":6},"end":{"line":165,"column":7}},{"start":{},"end":{}}]},"10":{"loc":{"start":{"line":174,"column":6},"end":{"line":185,"column":7}},"type":"if","locations":[{"start":{"line":174,"column":6},"end":{"line":185,"column":7}},{"start":{},"end":{}}]},"11":{"loc":{"start":{"line":212,"column":4},"end":{"line":214,"column":5}},"type":"if","locations":[{"start":{"line":212,"column":4},"end":{"line":214,"column":5}},{"start":{},"end":{}}]},"12":{"loc":{"start":{"line":217,"column":11},"end":{"line":217,"column":47}},"type":"binary-expr","locations":[{"start":{"line":217,"column":11},"end":{"line":217,"column":34}},{"start":{"line":217,"column":38},"end":{"line":217,"column":47}}]},"13":{"loc":{"start":{"line":236,"column":6},"end":{"line":238,"column":7}},"type":"if","locations":[{"start":{"line":236,"column":6},"end":{"line":238,"column":7}},{"start":{},"end":{}}]},"14":{"loc":{"start":{"line":243,"column":21},"end":{"line":243,"column":90}},"type":"binary-expr","locations":[{"start":{"line":243,"column":21},"end":{"line":243,"column":58}},{"start":{"line":243,"column":62},"end":{"line":243,"column":90}}]}},"s":{"0":1,"1":1,"2":1,"3":1,"4":7,"5":7,"6":5,"7":5,"8":5,"9":5,"10":5,"11":5,"12":5,"13":5,"14":5,"15":5,"16":5,"17":5,"18":3,"19":3,"20":1,"21":2,"22":10,"23":2,"24":2,"25":0,"26":0,"27":0,"28":0,"29":2,"30":2,"31":6,"32":6,"33":6,"34":0,"35":6,"36":0,"37":0,"38":6,"39":6,"40":6,"41":1,"42":1,"43":1,"44":1,"45":5,"46":5,"47":4,"48":1,"49":1,"50":5,"51":10,"52":5,"53":5,"54":5,"55":5,"56":5,"57":0,"58":0,"59":0,"60":1},"f":{"0":7,"1":5,"2":3,"3":10,"4":0,"5":5,"6":5,"7":5},"b":{"0":[1,1],"1":[7,7],"2":[7,7],"3":[1,2],"4":[0,2],"5":[0,0],"6":[0,6],"7":[6,6],"8":[0,0],"9":[0,6],"10":[1,5],"11":[4,1],"12":[1,0],"13":[5,0],"14":[0,0]}}
}
