TN:
SF:src\ledger.ts
FN:39,(anonymous_10)
FN:49,(anonymous_11)
FN:114,(anonymous_12)
FN:130,(anonymous_13)
FN:134,(anonymous_14)
FN:203,(anonymous_15)
FN:223,(anonymous_16)
FN:226,(anonymous_17)
FNF:8
FNH:7
FNDA:7,(anonymous_10)
FNDA:5,(anonymous_11)
FNDA:3,(anonymous_12)
FNDA:10,(anonymous_13)
FNDA:0,(anonymous_14)
FNDA:5,(anonymous_15)
FNDA:5,(anonymous_16)
FNDA:5,(anonymous_17)
DA:1,1
DA:2,1
DA:3,1
DA:5,1
DA:35,1
DA:40,7
DA:43,7
DA:56,5
DA:57,5
DA:63,5
DA:66,5
DA:67,5
DA:70,5
DA:71,5
DA:77,5
DA:79,5
DA:93,5
DA:100,5
DA:108,5
DA:119,3
DA:126,3
DA:127,1
DA:130,10
DA:131,2
DA:133,2
DA:134,0
DA:135,0
DA:139,2
DA:140,6
DA:141,6
DA:143,6
DA:144,0
DA:152,6
DA:153,0
DA:160,0
DA:168,6
DA:169,6
DA:174,6
DA:175,1
DA:180,1
DA:188,1
DA:193,1
DA:204,5
DA:212,5
DA:213,4
DA:216,1
DA:217,1
DA:224,5
DA:226,10
DA:227,5
DA:229,5
DA:231,5
DA:236,5
DA:237,5
DA:240,0
DA:243,0
DA:244,0
LF:57
LH:49
BRDA:6,0,0,1
BRDA:6,0,1,1
BRDA:41,1,0,7
BRDA:41,1,1,7
BRDA:43,2,0,7
BRDA:43,2,1,7
BRDA:126,3,0,1
BRDA:126,3,1,2
BRDA:133,4,0,0
BRDA:133,4,1,2
BRDA:135,5,0,0
BRDA:135,5,1,0
BRDA:143,6,0,0
BRDA:143,6,1,6
BRDA:143,7,0,6
BRDA:143,7,1,6
BRDA:146,8,0,0
BRDA:146,8,1,0
BRDA:152,9,0,0
BRDA:152,9,1,6
BRDA:174,10,0,1
BRDA:174,10,1,5
BRDA:212,11,0,4
BRDA:212,11,1,1
BRDA:217,12,0,1
BRDA:217,12,1,0
BRDA:236,13,0,5
BRDA:236,13,1,0
BRDA:243,14,0,0
BRDA:243,14,1,0
BRF:30
BRH:19
end_of_record
