<?xml version="1.0" encoding="UTF-8"?>
<coverage generated="1776680163065" clover="3.2.0">
  <project timestamp="1776680163065" name="All files">
    <metrics statements="464" coveredstatements="286" conditionals="153" coveredconditionals="77" methods="56" coveredmethods="30" elements="673" coveredelements="393" complexity="0" loc="464" ncloc="464" packages="4" files="6" classes="6"/>
    <package name="src">
      <metrics statements="210" coveredstatements="90" conditionals="83" coveredconditionals="29" methods="25" coveredmethods="5"/>
      <file name="index.ts" path="C:\Users\prana\OneDrive\Desktop\NEXUS\services\gateway\src\index.ts">
        <metrics statements="198" coveredstatements="79" conditionals="79" coveredconditionals="26" methods="23" coveredmethods="4"/>
        <line num="1" count="1" type="stmt"/>
        <line num="2" count="1" type="stmt"/>
        <line num="3" count="1" type="stmt"/>
        <line num="4" count="1" type="stmt"/>
        <line num="5" count="1" type="stmt"/>
        <line num="6" count="1" type="stmt"/>
        <line num="7" count="1" type="stmt"/>
        <line num="8" count="1" type="stmt"/>
        <line num="10" count="1" type="stmt"/>
        <line num="18" count="1" type="stmt"/>
        <line num="19" count="1" type="stmt"/>
        <line num="20" count="1" type="stmt"/>
        <line num="21" count="1" type="stmt"/>
        <line num="27" count="1" type="stmt"/>
        <line num="41" count="1" type="stmt"/>
        <line num="45" count="1" type="stmt"/>
        <line num="50" count="0" type="cond" truecount="0" falsecount="1"/>
        <line num="51" count="0" type="stmt"/>
        <line num="55" count="1" type="stmt"/>
        <line num="56" count="1" type="stmt"/>
        <line num="58" count="1" type="stmt"/>
        <line num="64" count="1" type="stmt"/>
        <line num="65" count="1" type="cond" truecount="2" falsecount="0"/>
        <line num="66" count="1" type="stmt"/>
        <line num="67" count="1" type="stmt"/>
        <line num="70" count="1" type="stmt"/>
        <line num="71" count="1" type="stmt"/>
        <line num="76" count="1" type="stmt"/>
        <line num="79" count="1" type="stmt"/>
        <line num="80" count="1" type="stmt"/>
        <line num="83" count="1" type="stmt"/>
        <line num="84" count="1" type="stmt"/>
        <line num="85" count="10" type="cond" truecount="3" falsecount="0"/>
        <line num="86" count="1" type="stmt"/>
        <line num="87" count="1" type="stmt"/>
        <line num="89" count="9" type="stmt"/>
        <line num="99" count="1" type="stmt"/>
        <line num="100" count="1" type="stmt"/>
        <line num="101" count="1" type="stmt"/>
        <line num="102" count="1" type="stmt"/>
        <line num="104" count="1" type="stmt"/>
        <line num="105" count="1" type="stmt"/>
        <line num="106" count="1" type="stmt"/>
        <line num="111" count="1" type="stmt"/>
        <line num="112" count="1" type="stmt"/>
        <line num="113" count="1" type="stmt"/>
        <line num="118" count="1" type="cond" truecount="2" falsecount="0"/>
        <line num="120" count="1" type="stmt"/>
        <line num="135" count="1" type="stmt"/>
        <line num="136" count="6" type="stmt"/>
        <line num="137" count="6" type="cond" truecount="1" falsecount="0"/>
        <line num="138" count="1" type="stmt"/>
        <line num="142" count="1" type="stmt"/>
        <line num="145" count="1" type="stmt"/>
        <line num="146" count="1" type="stmt"/>
        <line num="149" count="5" type="stmt"/>
        <line num="150" count="5" type="cond" truecount="1" falsecount="1"/>
        <line num="151" count="5" type="cond" truecount="2" falsecount="0"/>
        <line num="152" count="5" type="cond" truecount="2" falsecount="0"/>
        <line num="155" count="5" type="cond" truecount="1" falsecount="1"/>
        <line num="159" count="5" type="stmt"/>
        <line num="160" count="5" type="stmt"/>
        <line num="171" count="4" type="stmt"/>
        <line num="173" count="4" type="stmt"/>
        <line num="179" count="1" type="stmt"/>
        <line num="185" count="1" type="stmt"/>
        <line num="192" count="1" type="stmt"/>
        <line num="199" count="1" type="stmt"/>
        <line num="204" count="1" type="stmt"/>
        <line num="205" count="0" type="cond" truecount="0" falsecount="2"/>
        <line num="207" count="0" type="stmt"/>
        <line num="208" count="0" type="stmt"/>
        <line num="214" count="0" type="cond" truecount="0" falsecount="1"/>
        <line num="215" count="0" type="stmt"/>
        <line num="218" count="0" type="stmt"/>
        <line num="219" count="0" type="stmt"/>
        <line num="221" count="0" type="stmt"/>
        <line num="224" count="0" type="stmt"/>
        <line num="231" count="0" type="stmt"/>
        <line num="238" count="1" type="stmt"/>
        <line num="239" count="0" type="stmt"/>
        <line num="240" count="0" type="cond" truecount="0" falsecount="1"/>
        <line num="241" count="0" type="stmt"/>
        <line num="245" count="0" type="stmt"/>
        <line num="248" count="0" type="stmt"/>
        <line num="249" count="0" type="stmt"/>
        <line num="252" count="0" type="stmt"/>
        <line num="253" count="0" type="stmt"/>
        <line num="254" count="0" type="stmt"/>
        <line num="255" count="0" type="cond" truecount="0" falsecount="2"/>
        <line num="256" count="0" type="stmt"/>
        <line num="258" count="0" type="stmt"/>
        <line num="259" count="0" type="stmt"/>
        <line num="262" count="0" type="stmt"/>
        <line num="263" count="0" type="stmt"/>
        <line num="273" count="0" type="stmt"/>
        <line num="274" count="0" type="stmt"/>
        <line num="280" count="0" type="stmt"/>
        <line num="282" count="0" type="stmt"/>
        <line num="284" count="0" type="stmt"/>
        <line num="294" count="0" type="stmt"/>
        <line num="297" count="0" type="stmt"/>
        <line num="304" count="0" type="stmt"/>
        <line num="311" count="1" type="stmt"/>
        <line num="312" count="0" type="stmt"/>
        <line num="314" count="0" type="cond" truecount="0" falsecount="3"/>
        <line num="315" count="0" type="stmt"/>
        <line num="322" count="0" type="stmt"/>
        <line num="323" count="0" type="stmt"/>
        <line num="326" count="0" type="stmt"/>
        <line num="327" count="0" type="stmt"/>
        <line num="335" count="0" type="stmt"/>
        <line num="340" count="0" type="stmt"/>
        <line num="347" count="0" type="stmt"/>
        <line num="348" count="0" type="stmt"/>
        <line num="355" count="0" type="stmt"/>
        <line num="362" count="1" type="stmt"/>
        <line num="363" count="0" type="stmt"/>
        <line num="365" count="0" type="stmt"/>
        <line num="366" count="0" type="stmt"/>
        <line num="374" count="0" type="stmt"/>
        <line num="379" count="0" type="stmt"/>
        <line num="385" count="0" type="stmt"/>
        <line num="386" count="0" type="stmt"/>
        <line num="393" count="0" type="stmt"/>
        <line num="400" count="1" type="stmt"/>
        <line num="401" count="0" type="stmt"/>
        <line num="403" count="0" type="stmt"/>
        <line num="404" count="0" type="cond" truecount="0" falsecount="2"/>
        <line num="408" count="0" type="stmt"/>
        <line num="409" count="0" type="stmt"/>
        <line num="410" count="0" type="stmt"/>
        <line num="419" count="0" type="stmt"/>
        <line num="425" count="0" type="stmt"/>
        <line num="432" count="0" type="stmt"/>
        <line num="434" count="0" type="stmt"/>
        <line num="445" count="0" type="stmt"/>
        <line num="446" count="0" type="stmt"/>
        <line num="453" count="0" type="stmt"/>
        <line num="460" count="1" type="stmt"/>
        <line num="461" count="0" type="stmt"/>
        <line num="462" count="0" type="cond" truecount="0" falsecount="1"/>
        <line num="463" count="0" type="stmt"/>
        <line num="467" count="0" type="stmt"/>
        <line num="470" count="0" type="stmt"/>
        <line num="471" count="0" type="stmt"/>
        <line num="474" count="0" type="stmt"/>
        <line num="475" count="0" type="stmt"/>
        <line num="477" count="0" type="stmt"/>
        <line num="479" count="0" type="cond" truecount="0" falsecount="2"/>
        <line num="480" count="0" type="stmt"/>
        <line num="492" count="0" type="cond" truecount="0" falsecount="1"/>
        <line num="493" count="0" type="stmt"/>
        <line num="496" count="0" type="stmt"/>
        <line num="498" count="0" type="stmt"/>
        <line num="500" count="0" type="stmt"/>
        <line num="506" count="0" type="stmt"/>
        <line num="512" count="0" type="stmt"/>
        <line num="523" count="1" type="stmt"/>
        <line num="524" count="0" type="stmt"/>
        <line num="526" count="0" type="stmt"/>
        <line num="528" count="0" type="stmt"/>
        <line num="537" count="0" type="cond" truecount="0" falsecount="1"/>
        <line num="538" count="0" type="stmt"/>
        <line num="544" count="0" type="stmt"/>
        <line num="548" count="0" type="stmt"/>
        <line num="549" count="0" type="stmt"/>
        <line num="550" count="0" type="stmt"/>
        <line num="552" count="0" type="stmt"/>
        <line num="553" count="0" type="stmt"/>
        <line num="554" count="0" type="stmt"/>
        <line num="555" count="0" type="stmt"/>
        <line num="558" count="0" type="cond" truecount="0" falsecount="2"/>
        <line num="559" count="0" type="stmt"/>
        <line num="560" count="0" type="cond" truecount="0" falsecount="5"/>
        <line num="561" count="0" type="stmt"/>
        <line num="563" count="0" type="stmt"/>
        <line num="566" count="0" type="stmt"/>
        <line num="567" count="0" type="stmt"/>
        <line num="570" count="0" type="cond" truecount="0" falsecount="2"/>
        <line num="572" count="0" type="stmt"/>
        <line num="583" count="0" type="stmt"/>
        <line num="584" count="0" type="stmt"/>
        <line num="597" count="1" type="stmt"/>
        <line num="598" count="0" type="stmt"/>
        <line num="599" count="0" type="stmt"/>
        <line num="605" count="0" type="stmt"/>
        <line num="612" count="1" type="cond" truecount="0" falsecount="1"/>
        <line num="613" count="0" type="stmt"/>
        <line num="614" count="0" type="stmt"/>
        <line num="619" count="1" type="stmt"/>
        <line num="620" count="0" type="stmt"/>
        <line num="621" count="0" type="stmt"/>
        <line num="622" count="0" type="stmt"/>
        <line num="623" count="0" type="stmt"/>
        <line num="626" count="1" type="stmt"/>
        <line num="627" count="1" type="stmt"/>
        <line num="629" count="1" type="stmt"/>
      </file>
      <file name="schemas.ts" path="C:\Users\prana\OneDrive\Desktop\NEXUS\services\gateway\src\schemas.ts">
        <metrics statements="12" coveredstatements="11" conditionals="4" coveredconditionals="3" methods="2" coveredmethods="1"/>
        <line num="1" count="1" type="stmt"/>
        <line num="7" count="1" type="stmt"/>
        <line num="12" count="1" type="stmt"/>
        <line num="22" count="8" type="cond" truecount="3" falsecount="1"/>
        <line num="23" count="0" type="stmt"/>
        <line num="28" count="8" type="stmt"/>
        <line num="38" count="1" type="stmt"/>
        <line num="40" count="1" type="stmt"/>
        <line num="48" count="1" type="stmt"/>
        <line num="60" count="1" type="stmt"/>
        <line num="67" count="1" type="stmt"/>
        <line num="74" count="1" type="stmt"/>
      </file>
    </package>
    <package name="src.middleware">
      <metrics statements="125" coveredstatements="99" conditionals="35" coveredconditionals="23" methods="10" coveredmethods="10"/>
      <file name="auth.ts" path="C:\Users\prana\OneDrive\Desktop\NEXUS\services\gateway\src\middleware\auth.ts">
        <metrics statements="69" coveredstatements="57" conditionals="24" coveredconditionals="18" methods="8" coveredmethods="8"/>
        <line num="1" count="1" type="stmt"/>
        <line num="5" count="1" type="stmt"/>
        <line num="8" count="1" type="stmt"/>
        <line num="14" count="1" type="cond" truecount="2" falsecount="0"/>
        <line num="15" count="1" type="stmt"/>
        <line num="16" count="1" type="stmt"/>
        <line num="22" count="10" type="stmt"/>
        <line num="29" count="2" type="stmt"/>
        <line num="41" count="1" type="stmt"/>
        <line num="42" count="1" type="stmt"/>
        <line num="43" count="11" type="stmt"/>
        <line num="45" count="11" type="cond" truecount="3" falsecount="0"/>
        <line num="46" count="1" type="stmt"/>
        <line num="52" count="1" type="stmt"/>
        <line num="53" count="1" type="stmt"/>
        <line num="56" count="10" type="stmt"/>
        <line num="57" count="10" type="cond" truecount="0" falsecount="1"/>
        <line num="58" count="0" type="stmt"/>
        <line num="59" count="0" type="stmt"/>
        <line num="60" count="0" type="stmt"/>
        <line num="64" count="10" type="cond" truecount="2" falsecount="0"/>
        <line num="65" count="10" type="cond" truecount="3" falsecount="1"/>
        <line num="66" count="0" type="stmt"/>
        <line num="71" count="0" type="stmt"/>
        <line num="72" count="0" type="stmt"/>
        <line num="73" count="0" type="stmt"/>
        <line num="76" count="10" type="stmt"/>
        <line num="77" count="10" type="stmt"/>
        <line num="79" count="10" type="stmt"/>
        <line num="81" count="10" type="stmt"/>
        <line num="82" count="10" type="cond" truecount="1" falsecount="0"/>
        <line num="83" count="8" type="stmt"/>
        <line num="84" count="8" type="stmt"/>
        <line num="85" count="8" type="stmt"/>
        <line num="86" count="8" type="stmt"/>
        <line num="87" count="8" type="stmt"/>
        <line num="91" count="2" type="stmt"/>
        <line num="92" count="2" type="stmt"/>
        <line num="94" count="2" type="stmt"/>
        <line num="95" count="1" type="stmt"/>
        <line num="102" count="1" type="cond" truecount="1" falsecount="0"/>
        <line num="103" count="1" type="stmt"/>
        <line num="104" count="1" type="cond" truecount="1" falsecount="1"/>
        <line num="105" count="1" type="stmt"/>
        <line num="107" count="1" type="stmt"/>
        <line num="112" count="1" type="stmt"/>
        <line num="116" count="2" type="cond" truecount="1" falsecount="0"/>
        <line num="117" count="1" type="stmt"/>
        <line num="123" count="1" type="stmt"/>
        <line num="124" count="1" type="stmt"/>
        <line num="128" count="1" type="stmt"/>
        <line num="131" count="1" type="stmt"/>
        <line num="132" count="1" type="stmt"/>
        <line num="133" count="1" type="stmt"/>
        <line num="135" count="0" type="stmt"/>
        <line num="136" count="0" type="stmt"/>
        <line num="142" count="0" type="stmt"/>
        <line num="151" count="1" type="cond" truecount="1" falsecount="3"/>
        <line num="153" count="0" type="stmt"/>
        <line num="155" count="1" type="stmt"/>
        <line num="158" count="0" type="stmt"/>
        <line num="165" count="1" type="stmt"/>
        <line num="168" count="1" type="stmt"/>
        <line num="170" count="1" type="stmt"/>
        <line num="171" count="23" type="stmt"/>
        <line num="172" count="12" type="cond" truecount="1" falsecount="0"/>
        <line num="173" count="1" type="stmt"/>
        <line num="174" count="1" type="stmt"/>
        <line num="176" count="11" type="stmt"/>
      </file>
      <file name="rateLimiter.ts" path="C:\Users\prana\OneDrive\Desktop\NEXUS\services\gateway\src\middleware\rateLimiter.ts">
        <metrics statements="56" coveredstatements="42" conditionals="11" coveredconditionals="5" methods="2" coveredmethods="2"/>
        <line num="3" count="1" type="stmt"/>
        <line num="6" count="1" type="stmt"/>
        <line num="19" count="1" type="stmt"/>
        <line num="20" count="1" type="stmt"/>
        <line num="21" count="9" type="cond" truecount="0" falsecount="1"/>
        <line num="22" count="0" type="stmt"/>
        <line num="23" count="0" type="stmt"/>
        <line num="26" count="9" type="stmt"/>
        <line num="29" count="9" type="cond" truecount="0" falsecount="1"/>
        <line num="30" count="0" type="stmt"/>
        <line num="31" count="0" type="stmt"/>
        <line num="34" count="9" type="stmt"/>
        <line num="35" count="9" type="stmt"/>
        <line num="36" count="9" type="stmt"/>
        <line num="38" count="9" type="stmt"/>
        <line num="40" count="9" type="stmt"/>
        <line num="41" count="9" type="stmt"/>
        <line num="44" count="9" type="stmt"/>
        <line num="47" count="9" type="stmt"/>
        <line num="48" count="9" type="stmt"/>
        <line num="51" count="9" type="stmt"/>
        <line num="52" count="9" type="stmt"/>
        <line num="54" count="9" type="stmt"/>
        <line num="55" count="9" type="cond" truecount="0" falsecount="1"/>
        <line num="56" count="0" type="stmt"/>
        <line num="57" count="0" type="stmt"/>
        <line num="60" count="9" type="cond" truecount="1" falsecount="1"/>
        <line num="61" count="9" type="cond" truecount="1" falsecount="1"/>
        <line num="64" count="9" type="cond" truecount="1" falsecount="0"/>
        <line num="65" count="1" type="stmt"/>
        <line num="66" count="1" type="stmt"/>
        <line num="73" count="1" type="stmt"/>
        <line num="74" count="1" type="stmt"/>
        <line num="75" count="1" type="stmt"/>
        <line num="76" count="1" type="stmt"/>
        <line num="80" count="8" type="cond" truecount="0" falsecount="1"/>
        <line num="81" count="0" type="stmt"/>
        <line num="82" count="0" type="stmt"/>
        <line num="89" count="0" type="stmt"/>
        <line num="90" count="0" type="stmt"/>
        <line num="91" count="0" type="stmt"/>
        <line num="92" count="0" type="stmt"/>
        <line num="96" count="8" type="stmt"/>
        <line num="97" count="8" type="stmt"/>
        <line num="98" count="8" type="stmt"/>
        <line num="99" count="8" type="stmt"/>
        <line num="100" count="8" type="stmt"/>
        <line num="101" count="8" type="stmt"/>
        <line num="102" count="8" type="stmt"/>
        <line num="105" count="8" type="stmt"/>
        <line num="106" count="8" type="stmt"/>
        <line num="107" count="8" type="stmt"/>
        <line num="108" count="8" type="stmt"/>
        <line num="110" count="8" type="stmt"/>
        <line num="113" count="0" type="stmt"/>
        <line num="114" count="0" type="stmt"/>
      </file>
    </package>
    <package name="src.routes">
      <metrics statements="44" coveredstatements="39" conditionals="18" coveredconditionals="13" methods="5" coveredmethods="3"/>
      <file name="intercept.ts" path="C:\Users\prana\OneDrive\Desktop\NEXUS\services\gateway\src\routes\intercept.ts">
        <metrics statements="44" coveredstatements="39" conditionals="18" coveredconditionals="13" methods="5" coveredmethods="3"/>
        <line num="1" count="1" type="stmt"/>
        <line num="2" count="1" type="stmt"/>
        <line num="3" count="1" type="stmt"/>
        <line num="4" count="1" type="stmt"/>
        <line num="5" count="1" type="stmt"/>
        <line num="8" count="1" type="stmt"/>
        <line num="14" count="1" type="cond" truecount="2" falsecount="0"/>
        <line num="15" count="1" type="stmt"/>
        <line num="20" count="1" type="cond" truecount="1" falsecount="1"/>
        <line num="28" count="2" type="stmt"/>
        <line num="29" count="2" type="stmt"/>
        <line num="31" count="2" type="stmt"/>
        <line num="32" count="2" type="stmt"/>
        <line num="39" count="1" type="stmt"/>
        <line num="41" count="1" type="cond" truecount="0" falsecount="1"/>
        <line num="42" count="0" type="stmt"/>
        <line num="45" count="1" type="stmt"/>
        <line num="47" count="1" type="stmt"/>
        <line num="48" count="1" type="stmt"/>
        <line num="56" count="1" type="stmt"/>
        <line num="57" count="1" type="stmt"/>
        <line num="59" count="1" type="stmt"/>
        <line num="60" count="2" type="stmt"/>
        <line num="63" count="2" type="stmt"/>
        <line num="64" count="2" type="cond" truecount="0" falsecount="1"/>
        <line num="65" count="0" type="stmt"/>
        <line num="69" count="0" type="stmt"/>
        <line num="72" count="0" type="stmt"/>
        <line num="73" count="0" type="stmt"/>
        <line num="76" count="2" type="stmt"/>
        <line num="77" count="2" type="cond" truecount="1" falsecount="1"/>
        <line num="79" count="2" type="stmt"/>
        <line num="81" count="2" type="stmt"/>
        <line num="88" count="1" type="stmt"/>
        <line num="91" count="1" type="stmt"/>
        <line num="102" count="1" type="stmt"/>
        <line num="107" count="1" type="stmt"/>
        <line num="114" count="1" type="stmt"/>
        <line num="116" count="1" type="stmt"/>
        <line num="120" count="1" type="stmt"/>
        <line num="132" count="1" type="stmt"/>
        <line num="140" count="1" type="stmt"/>
        <line num="151" count="1" type="stmt"/>
        <line num="155" count="1" type="stmt"/>
      </file>
    </package>
    <package name="src.services">
      <metrics statements="85" coveredstatements="58" conditionals="17" coveredconditionals="12" methods="16" coveredmethods="12"/>
      <file name="pubsub.ts" path="C:\Users\prana\OneDrive\Desktop\NEXUS\services\gateway\src\services\pubsub.ts">
        <metrics statements="85" coveredstatements="58" conditionals="17" coveredconditionals="12" methods="16" coveredmethods="12"/>
        <line num="1" count="1" type="stmt"/>
        <line num="2" count="1" type="stmt"/>
        <line num="4" count="1" type="stmt"/>
        <line num="27" count="1" type="stmt"/>
        <line num="32" count="1" type="stmt"/>
        <line num="33" count="1" type="stmt"/>
        <line num="34" count="1" type="stmt"/>
        <line num="37" count="1" type="stmt"/>
        <line num="40" count="1" type="stmt"/>
        <line num="41" count="1" type="stmt"/>
        <line num="42" count="1" type="stmt"/>
        <line num="50" count="0" type="stmt"/>
        <line num="51" count="0" type="stmt"/>
        <line num="52" count="0" type="cond" truecount="0" falsecount="1"/>
        <line num="54" count="0" type="stmt"/>
        <line num="55" count="0" type="stmt"/>
        <line num="56" count="0" type="cond" truecount="0" falsecount="1"/>
        <line num="57" count="0" type="stmt"/>
        <line num="58" count="0" type="stmt"/>
        <line num="61" count="0" type="stmt"/>
        <line num="62" count="0" type="stmt"/>
        <line num="69" count="7" type="stmt"/>
        <line num="70" count="7" type="cond" truecount="1" falsecount="0"/>
        <line num="72" count="3" type="stmt"/>
        <line num="73" count="3" type="stmt"/>
        <line num="74" count="3" type="cond" truecount="0" falsecount="1"/>
        <line num="75" count="0" type="stmt"/>
        <line num="76" count="0" type="stmt"/>
        <line num="79" count="3" type="stmt"/>
        <line num="80" count="3" type="stmt"/>
        <line num="88" count="5" type="stmt"/>
        <line num="89" count="5" type="stmt"/>
        <line num="99" count="2" type="stmt"/>
        <line num="100" count="2" type="stmt"/>
        <line num="104" count="0" type="stmt"/>
        <line num="105" count="0" type="stmt"/>
        <line num="113" count="0" type="stmt"/>
        <line num="114" count="0" type="stmt"/>
        <line num="128" count="7" type="stmt"/>
        <line num="129" count="7" type="stmt"/>
        <line num="137" count="7" type="cond" truecount="2" falsecount="0"/>
        <line num="138" count="7" type="stmt"/>
        <line num="139" count="7" type="stmt"/>
        <line num="142" count="7" type="cond" truecount="0" falsecount="1"/>
        <line num="143" count="0" type="stmt"/>
        <line num="144" count="0" type="stmt"/>
        <line num="148" count="7" type="cond" truecount="1" falsecount="0"/>
        <line num="149" count="6" type="stmt"/>
        <line num="150" count="6" type="stmt"/>
        <line num="152" count="6" type="stmt"/>
        <line num="162" count="6" type="stmt"/>
        <line num="163" count="6" type="cond" truecount="1" falsecount="0"/>
        <line num="164" count="6" type="stmt"/>
        <line num="165" count="6" type="stmt"/>
        <line num="168" count="6" type="stmt"/>
        <line num="169" count="6" type="cond" truecount="2" falsecount="1"/>
        <line num="172" count="6" type="stmt"/>
        <line num="174" count="6" type="stmt"/>
        <line num="175" count="6" type="stmt"/>
        <line num="178" count="6" type="stmt"/>
        <line num="179" count="7" type="stmt"/>
        <line num="180" count="7" type="stmt"/>
        <line num="184" count="6" type="stmt"/>
        <line num="185" count="6" type="stmt"/>
        <line num="187" count="1" type="stmt"/>
        <line num="188" count="1" type="stmt"/>
        <line num="189" count="1" type="stmt"/>
        <line num="193" count="6" type="stmt"/>
        <line num="194" count="7" type="stmt"/>
        <line num="195" count="7" type="stmt"/>
        <line num="197" count="6" type="stmt"/>
        <line num="199" count="0" type="stmt"/>
        <line num="200" count="0" type="stmt"/>
        <line num="201" count="0" type="stmt"/>
        <line num="214" count="1" type="stmt"/>
        <line num="215" count="1" type="cond" truecount="1" falsecount="0"/>
        <line num="216" count="1" type="stmt"/>
        <line num="219" count="1" type="stmt"/>
        <line num="234" count="1" type="stmt"/>
        <line num="239" count="0" type="stmt"/>
        <line num="251" count="0" type="stmt"/>
        <line num="252" count="0" type="stmt"/>
        <line num="253" count="0" type="stmt"/>
        <line num="255" count="0" type="stmt"/>
        <line num="256" count="0" type="stmt"/>
      </file>
    </package>
  </project>
</coverage>
