{"C:\\Users\\prana\\OneDrive\\Desktop\\NEXUS\\services\\gateway\\src\\index.ts": {"path":"C:\\Users\\prana\\OneDrive\\Desktop\\NEXUS\\services\\gateway\\src\\index.ts","statementMap":{"0":{"start":{"line":1,"column":0},"end":{"line":1,"column":67}},"1":{"start":{"line":2,"column":0},"end":{"line":2,"column":24}},"2":{"start":{"line":3,"column":0},"end":{"line":3,"column":28}},"3":{"start":{"line":4,"column":0},"end":{"line":4,"column":36}},"4":{"start":{"line":5,"column":0},"end":{"line":5,"column":28}},"5":{"start":{"line":6,"column":0},"end":{"line":6,"column":52}},"6":{"start":{"line":7,"column":0},"end":{"line":7,"column":28}},"7":{"start":{"line":8,"column":0},"end":{"line":8,"column":30}},"8":{"start":{"line":10,"column":0},"end":{"line":10,"column":null}},"9":{"start":{"line":18,"column":0},"end":{"line":18,"column":82}},"10":{"start":{"line":19,"column":0},"end":{"line":19,"column":61}},"11":{"start":{"line":20,"column":0},"end":{"line":20,"column":59}},"12":{"start":{"line":21,"column":0},"end":{"line":21,"column":50}},"13":{"start":{"line":27,"column":15},"end":{"line":35,"column":2}},"14":{"start":{"line":41,"column":18},"end":{"line":43,"column":2}},"15":{"start":{"line":45,"column":14},"end":{"line":53,"column":2}},"16":{"start":{"line":50,"column":4},"end":{"line":50,"column":32}},"17":{"start":{"line":50,"column":20},"end":{"line":50,"column":32}},"18":{"start":{"line":51,"column":4},"end":{"line":51,"column":39}},"19":{"start":{"line":55,"column":0},"end":{"line":55,"column":91}},"20":{"start":{"line":55,"column":27},"end":{"line":55,"column":89}},"21":{"start":{"line":56,"column":0},"end":{"line":56,"column":61}},"22":{"start":{"line":56,"column":26},"end":{"line":56,"column":59}},"23":{"start":{"line":58,"column":22},"end":{"line":58,"column":41}},"24":{"start":{"line":64,"column":12},"end":{"line":64,"column":21}},"25":{"start":{"line":65,"column":13},"end":{"line":65,"column":64}},"26":{"start":{"line":66,"column":16},"end":{"line":66,"column":23}},"27":{"start":{"line":67,"column":18},"end":{"line":67,"column":28}},"28":{"start":{"line":70,"column":0},"end":{"line":70,"column":18}},"29":{"start":{"line":71,"column":0},"end":{"line":75,"column":4}},"30":{"start":{"line":76,"column":0},"end":{"line":76,"column":40}},"31":{"start":{"line":79,"column":23},"end":{"line":79,"column":61}},"32":{"start":{"line":80,"column":0},"end":{"line":80,"column":49}},"33":{"start":{"line":83,"column":20},"end":{"line":83,"column":44}},"34":{"start":{"line":84,"column":0},"end":{"line":90,"column":3}},"35":{"start":{"line":85,"column":2},"end":{"line":88,"column":3}},"36":{"start":{"line":86,"column":4},"end":{"line":86,"column":11}},"37":{"start":{"line":87,"column":4},"end":{"line":87,"column":11}},"38":{"start":{"line":89,"column":2},"end":{"line":89,"column":36}},"39":{"start":{"line":99,"column":0},"end":{"line":130,"column":3}},"40":{"start":{"line":100,"column":50},"end":{"line":100,"column":64}},"41":{"start":{"line":101,"column":54},"end":{"line":101,"column":68}},"42":{"start":{"line":102,"column":51},"end":{"line":102,"column":62}},"43":{"start":{"line":104,"column":2},"end":{"line":109,"column":3}},"44":{"start":{"line":105,"column":4},"end":{"line":105,"column":23}},"45":{"start":{"line":106,"column":4},"end":{"line":106,"column":30}},"46":{"start":{"line":111,"column":2},"end":{"line":116,"column":3}},"47":{"start":{"line":112,"column":4},"end":{"line":112,"column":38}},"48":{"start":{"line":113,"column":4},"end":{"line":113,"column":34}},"49":{"start":{"line":118,"column":23},"end":{"line":118,"column":85}},"50":{"start":{"line":120,"column":2},"end":{"line":129,"column":5}},"51":{"start":{"line":135,"column":0},"end":{"line":194,"column":3}},"52":{"start":{"line":136,"column":22},"end":{"line":136,"column":61}},"53":{"start":{"line":137,"column":2},"end":{"line":147,"column":3}},"54":{"start":{"line":138,"column":36},"end":{"line":144,"column":6}},"55":{"start":{"line":142,"column":50},"end":{"line":142,"column":85}},"56":{"start":{"line":145,"column":4},"end":{"line":145,"column":34}},"57":{"start":{"line":146,"column":4},"end":{"line":146,"column":11}},"58":{"start":{"line":149,"column":16},"end":{"line":149,"column":32}},"59":{"start":{"line":150,"column":16},"end":{"line":150,"column":48}},"60":{"start":{"line":151,"column":18},"end":{"line":151,"column":44}},"61":{"start":{"line":152,"column":20},"end":{"line":152,"column":49}},"62":{"start":{"line":155,"column":29},"end":{"line":157,"column":15}},"63":{"start":{"line":159,"column":2},"end":{"line":193,"column":3}},"64":{"start":{"line":160,"column":22},"end":{"line":169,"column":6}},"65":{"start":{"line":171,"column":4},"end":{"line":171,"column":99}},"66":{"start":{"line":173,"column":4},"end":{"line":177,"column":7}},"67":{"start":{"line":179,"column":4},"end":{"line":183,"column":7}},"68":{"start":{"line":185,"column":36},"end":{"line":191,"column":6}},"69":{"start":{"line":192,"column":4},"end":{"line":192,"column":34}},"70":{"start":{"line":199,"column":0},"end":{"line":199,"column":63}},"71":{"start":{"line":204,"column":0},"end":{"line":233,"column":3}},"72":{"start":{"line":205,"column":20},"end":{"line":205,"column":79}},"73":{"start":{"line":207,"column":2},"end":{"line":232,"column":3}},"74":{"start":{"line":208,"column":21},"end":{"line":212,"column":6}},"75":{"start":{"line":214,"column":4},"end":{"line":216,"column":5}},"76":{"start":{"line":215,"column":6},"end":{"line":215,"column":73}},"77":{"start":{"line":218,"column":19},"end":{"line":218,"column":40}},"78":{"start":{"line":219,"column":4},"end":{"line":219,"column":33}},"79":{"start":{"line":221,"column":4},"end":{"line":223,"column":7}},"80":{"start":{"line":224,"column":36},"end":{"line":230,"column":6}},"81":{"start":{"line":231,"column":4},"end":{"line":231,"column":34}},"82":{"start":{"line":238,"column":0},"end":{"line":306,"column":3}},"83":{"start":{"line":239,"column":22},"end":{"line":239,"column":57}},"84":{"start":{"line":240,"column":2},"end":{"line":250,"column":3}},"85":{"start":{"line":241,"column":36},"end":{"line":247,"column":6}},"86":{"start":{"line":245,"column":50},"end":{"line":245,"column":85}},"87":{"start":{"line":248,"column":4},"end":{"line":248,"column":34}},"88":{"start":{"line":249,"column":4},"end":{"line":249,"column":11}},"89":{"start":{"line":252,"column":18},"end":{"line":252,"column":34}},"90":{"start":{"line":253,"column":16},"end":{"line":253,"column":24}},"91":{"start":{"line":254,"column":17},"end":{"line":254,"column":64}},"92":{"start":{"line":255,"column":24},"end":{"line":255,"column":105}},"93":{"start":{"line":256,"column":18},"end":{"line":256,"column":89}},"94":{"start":{"line":258,"column":2},"end":{"line":305,"column":3}},"95":{"start":{"line":259,"column":18},"end":{"line":259,"column":35}},"96":{"start":{"line":262,"column":19},"end":{"line":262,"column":58}},"97":{"start":{"line":263,"column":4},"end":{"line":270,"column":7}},"98":{"start":{"line":273,"column":19},"end":{"line":273,"column":61}},"99":{"start":{"line":274,"column":4},"end":{"line":278,"column":7}},"100":{"start":{"line":280,"column":4},"end":{"line":280,"column":25}},"101":{"start":{"line":282,"column":4},"end":{"line":282,"column":91}},"102":{"start":{"line":284,"column":4},"end":{"line":292,"column":7}},"103":{"start":{"line":294,"column":4},"end":{"line":296,"column":7}},"104":{"start":{"line":297,"column":36},"end":{"line":303,"column":6}},"105":{"start":{"line":304,"column":4},"end":{"line":304,"column":34}},"106":{"start":{"line":311,"column":0},"end":{"line":357,"column":3}},"107":{"start":{"line":312,"column":20},"end":{"line":312,"column":30}},"108":{"start":{"line":314,"column":2},"end":{"line":324,"column":3}},"109":{"start":{"line":315,"column":36},"end":{"line":321,"column":6}},"110":{"start":{"line":322,"column":4},"end":{"line":322,"column":34}},"111":{"start":{"line":323,"column":4},"end":{"line":323,"column":11}},"112":{"start":{"line":326,"column":2},"end":{"line":356,"column":3}},"113":{"start":{"line":327,"column":28},"end":{"line":333,"column":12}},"114":{"start":{"line":335,"column":20},"end":{"line":338,"column":7}},"115":{"start":{"line":335,"column":55},"end":{"line":338,"column":6}},"116":{"start":{"line":340,"column":4},"end":{"line":345,"column":7}},"117":{"start":{"line":347,"column":4},"end":{"line":347,"column":77}},"118":{"start":{"line":348,"column":36},"end":{"line":354,"column":6}},"119":{"start":{"line":355,"column":4},"end":{"line":355,"column":34}},"120":{"start":{"line":362,"column":0},"end":{"line":395,"column":3}},"121":{"start":{"line":363,"column":20},"end":{"line":363,"column":30}},"122":{"start":{"line":365,"column":2},"end":{"line":394,"column":3}},"123":{"start":{"line":366,"column":30},"end":{"line":372,"column":12}},"124":{"start":{"line":374,"column":22},"end":{"line":377,"column":7}},"125":{"start":{"line":374,"column":59},"end":{"line":377,"column":6}},"126":{"start":{"line":379,"column":4},"end":{"line":383,"column":7}},"127":{"start":{"line":385,"column":4},"end":{"line":385,"column":79}},"128":{"start":{"line":386,"column":36},"end":{"line":392,"column":6}},"129":{"start":{"line":393,"column":4},"end":{"line":393,"column":34}},"130":{"start":{"line":400,"column":0},"end":{"line":455,"column":3}},"131":{"start":{"line":401,"column":20},"end":{"line":401,"column":30}},"132":{"start":{"line":403,"column":27},"end":{"line":403,"column":64}},"133":{"start":{"line":404,"column":26},"end":{"line":406,"column":28}},"134":{"start":{"line":408,"column":2},"end":{"line":454,"column":3}},"135":{"start":{"line":409,"column":19},"end":{"line":409,"column":37}},"136":{"start":{"line":410,"column":26},"end":{"line":417,"column":12}},"137":{"start":{"line":419,"column":20},"end":{"line":422,"column":7}},"138":{"start":{"line":419,"column":53},"end":{"line":422,"column":6}},"139":{"start":{"line":425,"column":26},"end":{"line":430,"column":12}},"140":{"start":{"line":432,"column":23},"end":{"line":432,"column":49}},"141":{"start":{"line":434,"column":4},"end":{"line":443,"column":7}},"142":{"start":{"line":445,"column":4},"end":{"line":445,"column":83}},"143":{"start":{"line":446,"column":36},"end":{"line":452,"column":6}},"144":{"start":{"line":453,"column":4},"end":{"line":453,"column":34}},"145":{"start":{"line":460,"column":0},"end":{"line":518,"column":3}},"146":{"start":{"line":461,"column":22},"end":{"line":461,"column":62}},"147":{"start":{"line":462,"column":2},"end":{"line":472,"column":3}},"148":{"start":{"line":463,"column":36},"end":{"line":469,"column":6}},"149":{"start":{"line":467,"column":50},"end":{"line":467,"column":85}},"150":{"start":{"line":470,"column":4},"end":{"line":470,"column":34}},"151":{"start":{"line":471,"column":4},"end":{"line":471,"column":11}},"152":{"start":{"line":474,"column":57},"end":{"line":474,"column":73}},"153":{"start":{"line":475,"column":19},"end":{"line":475,"column":27}},"154":{"start":{"line":477,"column":2},"end":{"line":517,"column":3}},"155":{"start":{"line":479,"column":27},"end":{"line":479,"column":84}},"156":{"start":{"line":480,"column":21},"end":{"line":490,"column":6}},"157":{"start":{"line":492,"column":4},"end":{"line":494,"column":5}},"158":{"start":{"line":493,"column":6},"end":{"line":493,"column":79}},"159":{"start":{"line":496,"column":20},"end":{"line":496,"column":41}},"160":{"start":{"line":498,"column":4},"end":{"line":498,"column":95}},"161":{"start":{"line":500,"column":4},"end":{"line":504,"column":7}},"162":{"start":{"line":506,"column":4},"end":{"line":509,"column":7}},"163":{"start":{"line":512,"column":4},"end":{"line":516,"column":7}},"164":{"start":{"line":523,"column":0},"end":{"line":591,"column":3}},"165":{"start":{"line":524,"column":29},"end":{"line":524,"column":39}},"166":{"start":{"line":526,"column":2},"end":{"line":590,"column":3}},"167":{"start":{"line":528,"column":28},"end":{"line":535,"column":12}},"168":{"start":{"line":537,"column":4},"end":{"line":545,"column":5}},"169":{"start":{"line":538,"column":6},"end":{"line":543,"column":9}},"170":{"start":{"line":544,"column":6},"end":{"line":544,"column":13}},"171":{"start":{"line":548,"column":20},"end":{"line":548,"column":65}},"172":{"start":{"line":548,"column":54},"end":{"line":548,"column":64}},"173":{"start":{"line":549,"column":21},"end":{"line":549,"column":22}},"174":{"start":{"line":550,"column":22},"end":{"line":550,"column":23}},"175":{"start":{"line":552,"column":4},"end":{"line":568,"column":5}},"176":{"start":{"line":553,"column":20},"end":{"line":553,"column":45}},"177":{"start":{"line":554,"column":24},"end":{"line":554,"column":53}},"178":{"start":{"line":555,"column":25},"end":{"line":555,"column":56}},"179":{"start":{"line":558,"column":6},"end":{"line":564,"column":7}},"180":{"start":{"line":559,"column":8},"end":{"line":559,"column":60}},"181":{"start":{"line":560,"column":13},"end":{"line":564,"column":7}},"182":{"start":{"line":561,"column":8},"end":{"line":561,"column":74}},"183":{"start":{"line":563,"column":8},"end":{"line":563,"column":64}},"184":{"start":{"line":566,"column":6},"end":{"line":566,"column":31}},"185":{"start":{"line":567,"column":6},"end":{"line":567,"column":20}},"186":{"start":{"line":570,"column":26},"end":{"line":570,"column":87}},"187":{"start":{"line":572,"column":4},"end":{"line":581,"column":7}},"188":{"start":{"line":583,"column":4},"end":{"line":583,"column":95}},"189":{"start":{"line":584,"column":4},"end":{"line":589,"column":7}},"190":{"start":{"line":597,"column":0},"end":{"line":606,"column":3}},"191":{"start":{"line":598,"column":2},"end":{"line":598,"column":76}},"192":{"start":{"line":599,"column":34},"end":{"line":604,"column":4}},"193":{"start":{"line":605,"column":2},"end":{"line":605,"column":32}},"194":{"start":{"line":612,"column":0},"end":{"line":616,"column":1}},"195":{"start":{"line":613,"column":2},"end":{"line":615,"column":5}},"196":{"start":{"line":614,"column":4},"end":{"line":614,"column":79}},"197":{"start":{"line":619,"column":17},"end":{"line":624,"column":1}},"198":{"start":{"line":620,"column":2},"end":{"line":620,"column":48}},"199":{"start":{"line":621,"column":2},"end":{"line":621,"column":33}},"200":{"start":{"line":622,"column":2},"end":{"line":622,"column":21}},"201":{"start":{"line":623,"column":2},"end":{"line":623,"column":18}},"202":{"start":{"line":626,"column":0},"end":{"line":626,"column":32}},"203":{"start":{"line":627,"column":0},"end":{"line":627,"column":31}},"204":{"start":{"line":629,"column":0},"end":{"line":629,"column":19}}},"fnMap":{"0":{"name":"(anonymous_1)","decl":{"start":{"line":49,"column":2},"end":{"line":49,"column":15}},"loc":{"start":{"line":49,"column":29},"end":{"line":52,"column":3}}},"1":{"name":"(anonymous_2)","decl":{"start":{"line":55,"column":18},"end":{"line":55,"column":19}},"loc":{"start":{"line":55,"column":27},"end":{"line":55,"column":89}}},"2":{"name":"(anonymous_3)","decl":{"start":{"line":56,"column":20},"end":{"line":56,"column":23}},"loc":{"start":{"line":56,"column":26},"end":{"line":56,"column":59}}},"3":{"name":"(anonymous_4)","decl":{"start":{"line":84,"column":8},"end":{"line":84,"column":13}},"loc":{"start":{"line":84,"column":81},"end":{"line":90,"column":1}}},"4":{"name":"(anonymous_5)","decl":{"start":{"line":99,"column":22},"end":{"line":99,"column":27}},"loc":{"start":{"line":99,"column":76},"end":{"line":130,"column":1}}},"5":{"name":"(anonymous_6)","decl":{"start":{"line":135,"column":23},"end":{"line":135,"column":28}},"loc":{"start":{"line":135,"column":76},"end":{"line":194,"column":1}}},"6":{"name":"(anonymous_7)","decl":{"start":{"line":142,"column":43},"end":{"line":142,"column":44}},"loc":{"start":{"line":142,"column":50},"end":{"line":142,"column":85}}},"7":{"name":"(anonymous_8)","decl":{"start":{"line":204,"column":25},"end":{"line":204,"column":30}},"loc":{"start":{"line":204,"column":78},"end":{"line":233,"column":1}}},"8":{"name":"(anonymous_9)","decl":{"start":{"line":238,"column":30},"end":{"line":238,"column":35}},"loc":{"start":{"line":238,"column":83},"end":{"line":306,"column":1}}},"9":{"name":"(anonymous_10)","decl":{"start":{"line":245,"column":43},"end":{"line":245,"column":44}},"loc":{"start":{"line":245,"column":50},"end":{"line":245,"column":85}}},"10":{"name":"(anonymous_11)","decl":{"start":{"line":311,"column":44},"end":{"line":311,"column":49}},"loc":{"start":{"line":311,"column":97},"end":{"line":357,"column":1}}},"11":{"name":"(anonymous_12)","decl":{"start":{"line":335,"column":45},"end":{"line":335,"column":46}},"loc":{"start":{"line":335,"column":55},"end":{"line":338,"column":6}}},"12":{"name":"(anonymous_13)","decl":{"start":{"line":362,"column":45},"end":{"line":362,"column":50}},"loc":{"start":{"line":362,"column":98},"end":{"line":395,"column":1}}},"13":{"name":"(anonymous_14)","decl":{"start":{"line":374,"column":49},"end":{"line":374,"column":50}},"loc":{"start":{"line":374,"column":59},"end":{"line":377,"column":6}}},"14":{"name":"(anonymous_15)","decl":{"start":{"line":400,"column":42},"end":{"line":400,"column":47}},"loc":{"start":{"line":400,"column":95},"end":{"line":455,"column":1}}},"15":{"name":"(anonymous_16)","decl":{"start":{"line":419,"column":43},"end":{"line":419,"column":44}},"loc":{"start":{"line":419,"column":53},"end":{"line":422,"column":6}}},"16":{"name":"(anonymous_17)","decl":{"start":{"line":460,"column":33},"end":{"line":460,"column":38}},"loc":{"start":{"line":460,"column":86},"end":{"line":518,"column":1}}},"17":{"name":"(anonymous_18)","decl":{"start":{"line":467,"column":43},"end":{"line":467,"column":44}},"loc":{"start":{"line":467,"column":50},"end":{"line":467,"column":85}}},"18":{"name":"(anonymous_19)","decl":{"start":{"line":523,"column":46},"end":{"line":523,"column":51}},"loc":{"start":{"line":523,"column":99},"end":{"line":591,"column":1}}},"19":{"name":"(anonymous_20)","decl":{"start":{"line":548,"column":45},"end":{"line":548,"column":46}},"loc":{"start":{"line":548,"column":54},"end":{"line":548,"column":64}}},"20":{"name":"(anonymous_21)","decl":{"start":{"line":597,"column":8},"end":{"line":597,"column":9}},"loc":{"start":{"line":597,"column":80},"end":{"line":606,"column":1}}},"21":{"name":"(anonymous_22)","decl":{"start":{"line":613,"column":19},"end":{"line":613,"column":22}},"loc":{"start":{"line":613,"column":24},"end":{"line":615,"column":3}}},"22":{"name":"(anonymous_23)","decl":{"start":{"line":619,"column":17},"end":{"line":619,"column":22}},"loc":{"start":{"line":619,"column":43},"end":{"line":624,"column":1}}}},"branchMap":{"0":{"loc":{"start":{"line":28,"column":9},"end":{"line":28,"column":43}},"type":"binary-expr","locations":[{"start":{"line":28,"column":9},"end":{"line":28,"column":33}},{"start":{"line":28,"column":37},"end":{"line":28,"column":43}}]},"1":{"loc":{"start":{"line":42,"column":13},"end":{"line":42,"column":68}},"type":"binary-expr","locations":[{"start":{"line":42,"column":13},"end":{"line":42,"column":48}},{"start":{"line":42,"column":52},"end":{"line":42,"column":68}}]},"2":{"loc":{"start":{"line":46,"column":8},"end":{"line":46,"column":48}},"type":"binary-expr","locations":[{"start":{"line":46,"column":8},"end":{"line":46,"column":33}},{"start":{"line":46,"column":37},"end":{"line":46,"column":48}}]},"3":{"loc":{"start":{"line":47,"column":17},"end":{"line":47,"column":52}},"type":"binary-expr","locations":[{"start":{"line":47,"column":17},"end":{"line":47,"column":42}},{"start":{"line":47,"column":46},"end":{"line":47,"column":52}}]},"4":{"loc":{"start":{"line":50,"column":4},"end":{"line":50,"column":32}},"type":"if","locations":[{"start":{"line":50,"column":4},"end":{"line":50,"column":32}}]},"5":{"loc":{"start":{"line":65,"column":22},"end":{"line":65,"column":59}},"type":"binary-expr","locations":[{"start":{"line":65,"column":22},"end":{"line":65,"column":49}},{"start":{"line":65,"column":53},"end":{"line":65,"column":59}}]},"6":{"loc":{"start":{"line":72,"column":10},"end":{"line":72,"column":71}},"type":"binary-expr","locations":[{"start":{"line":72,"column":10},"end":{"line":72,"column":44}},{"start":{"line":72,"column":48},"end":{"line":72,"column":71}}]},"7":{"loc":{"start":{"line":85,"column":2},"end":{"line":88,"column":3}},"type":"if","locations":[{"start":{"line":85,"column":2},"end":{"line":88,"column":3}}]},"8":{"loc":{"start":{"line":85,"column":6},"end":{"line":85,"column":76}},"type":"binary-expr","locations":[{"start":{"line":85,"column":6},"end":{"line":85,"column":31}},{"start":{"line":85,"column":35},"end":{"line":85,"column":76}}]},"9":{"loc":{"start":{"line":118,"column":23},"end":{"line":118,"column":85}},"type":"binary-expr","locations":[{"start":{"line":118,"column":23},"end":{"line":118,"column":50}},{"start":{"line":118,"column":54},"end":{"line":118,"column":85}}]},"10":{"loc":{"start":{"line":121,"column":12},"end":{"line":121,"column":44}},"type":"cond-expr","locations":[{"start":{"line":121,"column":27},"end":{"line":121,"column":31}},{"start":{"line":121,"column":34},"end":{"line":121,"column":44}}]},"11":{"loc":{"start":{"line":137,"column":2},"end":{"line":147,"column":3}},"type":"if","locations":[{"start":{"line":137,"column":2},"end":{"line":147,"column":3}}]},"12":{"loc":{"start":{"line":150,"column":16},"end":{"line":150,"column":48}},"type":"binary-expr","locations":[{"start":{"line":150,"column":16},"end":{"line":150,"column":32}},{"start":{"line":150,"column":36},"end":{"line":150,"column":48}}]},"13":{"loc":{"start":{"line":151,"column":18},"end":{"line":151,"column":44}},"type":"binary-expr","locations":[{"start":{"line":151,"column":18},"end":{"line":151,"column":32}},{"start":{"line":151,"column":36},"end":{"line":151,"column":44}}]},"14":{"loc":{"start":{"line":152,"column":20},"end":{"line":152,"column":49}},"type":"binary-expr","locations":[{"start":{"line":152,"column":20},"end":{"line":152,"column":35}},{"start":{"line":152,"column":39},"end":{"line":152,"column":49}}]},"15":{"loc":{"start":{"line":155,"column":29},"end":{"line":157,"column":15}},"type":"cond-expr","locations":[{"start":{"line":156,"column":6},"end":{"line":156,"column":75}},{"start":{"line":157,"column":6},"end":{"line":157,"column":15}}]},"16":{"loc":{"start":{"line":182,"column":13},"end":{"line":182,"column":67}},"type":"cond-expr","locations":[{"start":{"line":182,"column":38},"end":{"line":182,"column":51}},{"start":{"line":182,"column":54},"end":{"line":182,"column":67}}]},"17":{"loc":{"start":{"line":205,"column":20},"end":{"line":205,"column":79}},"type":"binary-expr","locations":[{"start":{"line":205,"column":20},"end":{"line":205,"column":52}},{"start":{"line":205,"column":56},"end":{"line":205,"column":79}}]},"18":{"loc":{"start":{"line":214,"column":4},"end":{"line":216,"column":5}},"type":"if","locations":[{"start":{"line":214,"column":4},"end":{"line":216,"column":5}}]},"19":{"loc":{"start":{"line":222,"column":13},"end":{"line":222,"column":67}},"type":"cond-expr","locations":[{"start":{"line":222,"column":38},"end":{"line":222,"column":51}},{"start":{"line":222,"column":54},"end":{"line":222,"column":67}}]},"20":{"loc":{"start":{"line":240,"column":2},"end":{"line":250,"column":3}},"type":"if","locations":[{"start":{"line":240,"column":2},"end":{"line":250,"column":3}}]},"21":{"loc":{"start":{"line":255,"column":24},"end":{"line":255,"column":105}},"type":"binary-expr","locations":[{"start":{"line":255,"column":24},"end":{"line":255,"column":61}},{"start":{"line":255,"column":65},"end":{"line":255,"column":105}}]},"22":{"loc":{"start":{"line":266,"column":14},"end":{"line":266,"column":36}},"type":"binary-expr","locations":[{"start":{"line":266,"column":14},"end":{"line":266,"column":28}},{"start":{"line":266,"column":32},"end":{"line":266,"column":36}}]},"23":{"loc":{"start":{"line":267,"column":32},"end":{"line":267,"column":72}},"type":"binary-expr","locations":[{"start":{"line":267,"column":32},"end":{"line":267,"column":64}},{"start":{"line":267,"column":68},"end":{"line":267,"column":72}}]},"24":{"loc":{"start":{"line":295,"column":13},"end":{"line":295,"column":67}},"type":"cond-expr","locations":[{"start":{"line":295,"column":38},"end":{"line":295,"column":51}},{"start":{"line":295,"column":54},"end":{"line":295,"column":67}}]},"25":{"loc":{"start":{"line":314,"column":2},"end":{"line":324,"column":3}},"type":"if","locations":[{"start":{"line":314,"column":2},"end":{"line":324,"column":3}}]},"26":{"loc":{"start":{"line":314,"column":6},"end":{"line":314,"column":44}},"type":"binary-expr","locations":[{"start":{"line":314,"column":6},"end":{"line":314,"column":15}},{"start":{"line":314,"column":19},"end":{"line":314,"column":44}}]},"27":{"loc":{"start":{"line":404,"column":26},"end":{"line":406,"column":28}},"type":"cond-expr","locations":[{"start":{"line":405,"column":6},"end":{"line":405,"column":27}},{"start":{"line":406,"column":6},"end":{"line":406,"column":28}}]},"28":{"loc":{"start":{"line":462,"column":2},"end":{"line":472,"column":3}},"type":"if","locations":[{"start":{"line":462,"column":2},"end":{"line":472,"column":3}}]},"29":{"loc":{"start":{"line":479,"column":27},"end":{"line":479,"column":84}},"type":"binary-expr","locations":[{"start":{"line":479,"column":27},"end":{"line":479,"column":57}},{"start":{"line":479,"column":61},"end":{"line":479,"column":84}}]},"30":{"loc":{"start":{"line":492,"column":4},"end":{"line":494,"column":5}},"type":"if","locations":[{"start":{"line":492,"column":4},"end":{"line":494,"column":5}}]},"31":{"loc":{"start":{"line":508,"column":13},"end":{"line":508,"column":67}},"type":"cond-expr","locations":[{"start":{"line":508,"column":38},"end":{"line":508,"column":51}},{"start":{"line":508,"column":54},"end":{"line":508,"column":67}}]},"32":{"loc":{"start":{"line":537,"column":4},"end":{"line":545,"column":5}},"type":"if","locations":[{"start":{"line":537,"column":4},"end":{"line":545,"column":5}}]},"33":{"loc":{"start":{"line":558,"column":6},"end":{"line":564,"column":7}},"type":"if","locations":[{"start":{"line":558,"column":6},"end":{"line":564,"column":7}},{"start":{"line":560,"column":13},"end":{"line":564,"column":7}}]},"34":{"loc":{"start":{"line":560,"column":13},"end":{"line":564,"column":7}},"type":"if","locations":[{"start":{"line":560,"column":13},"end":{"line":564,"column":7}},{"start":{"line":562,"column":13},"end":{"line":564,"column":7}}]},"35":{"loc":{"start":{"line":560,"column":17},"end":{"line":560,"column":125}},"type":"binary-expr","locations":[{"start":{"line":560,"column":17},"end":{"line":560,"column":52}},{"start":{"line":560,"column":56},"end":{"line":560,"column":87}},{"start":{"line":560,"column":91},"end":{"line":560,"column":125}}]},"36":{"loc":{"start":{"line":570,"column":26},"end":{"line":570,"column":87}},"type":"cond-expr","locations":[{"start":{"line":570,"column":44},"end":{"line":570,"column":80}},{"start":{"line":570,"column":83},"end":{"line":570,"column":87}}]},"37":{"loc":{"start":{"line":577,"column":20},"end":{"line":577,"column":58}},"type":"binary-expr","locations":[{"start":{"line":577,"column":20},"end":{"line":577,"column":50}},{"start":{"line":577,"column":54},"end":{"line":577,"column":58}}]},"38":{"loc":{"start":{"line":578,"column":13},"end":{"line":580,"column":14}},"type":"cond-expr","locations":[{"start":{"line":579,"column":10},"end":{"line":579,"column":125}},{"start":{"line":580,"column":10},"end":{"line":580,"column":14}}]},"39":{"loc":{"start":{"line":579,"column":10},"end":{"line":579,"column":125}},"type":"cond-expr","locations":[{"start":{"line":579,"column":32},"end":{"line":579,"column":35}},{"start":{"line":579,"column":38},"end":{"line":579,"column":125}}]},"40":{"loc":{"start":{"line":579,"column":38},"end":{"line":579,"column":125}},"type":"cond-expr","locations":[{"start":{"line":579,"column":60},"end":{"line":579,"column":63}},{"start":{"line":579,"column":66},"end":{"line":579,"column":125}}]},"41":{"loc":{"start":{"line":579,"column":66},"end":{"line":579,"column":125}},"type":"cond-expr","locations":[{"start":{"line":579,"column":88},"end":{"line":579,"column":91}},{"start":{"line":579,"column":94},"end":{"line":579,"column":125}}]},"42":{"loc":{"start":{"line":579,"column":94},"end":{"line":579,"column":125}},"type":"cond-expr","locations":[{"start":{"line":579,"column":116},"end":{"line":579,"column":119}},{"start":{"line":579,"column":122},"end":{"line":579,"column":125}}]},"43":{"loc":{"start":{"line":612,"column":0},"end":{"line":616,"column":1}},"type":"if","locations":[{"start":{"line":612,"column":0},"end":{"line":616,"column":1}}]}},"s":{"0":1,"1":1,"2":1,"3":1,"4":1,"5":1,"6":1,"7":1,"8":1,"9":1,"10":1,"11":1,"12":1,"13":1,"14":1,"15":1,"16":0,"17":0,"18":0,"19":1,"20":0,"21":1,"22":0,"23":1,"24":1,"25":1,"26":1,"27":1,"28":1,"29":1,"30":1,"31":1,"32":1,"33":1,"34":1,"35":10,"36":1,"37":1,"38":9,"39":1,"40":1,"41":1,"42":1,"43":1,"44":1,"45":1,"46":1,"47":1,"48":1,"49":1,"50":1,"51":1,"52":6,"53":6,"54":1,"55":1,"56":1,"57":1,"58":5,"59":5,"60":5,"61":5,"62":5,"63":5,"64":5,"65":4,"66":4,"67":1,"68":1,"69":1,"70":1,"71":1,"72":0,"73":0,"74":0,"75":0,"76":0,"77":0,"78":0,"79":0,"80":0,"81":0,"82":1,"83":0,"84":0,"85":0,"86":0,"87":0,"88":0,"89":0,"90":0,"91":0,"92":0,"93":0,"94":0,"95":0,"96":0,"97":0,"98":0,"99":0,"100":0,"101":0,"102":0,"103":0,"104":0,"105":0,"106":1,"107":0,"108":0,"109":0,"110":0,"111":0,"112":0,"113":0,"114":0,"115":0,"116":0,"117":0,"118":0,"119":0,"120":1,"121":0,"122":0,"123":0,"124":0,"125":0,"126":0,"127":0,"128":0,"129":0,"130":1,"131":0,"132":0,"133":0,"134":0,"135":0,"136":0,"137":0,"138":0,"139":0,"140":0,"141":0,"142":0,"143":0,"144":0,"145":1,"146":0,"147":0,"148":0,"149":0,"150":0,"151":0,"152":0,"153":0,"154":0,"155":0,"156":0,"157":0,"158":0,"159":0,"160":0,"161":0,"162":0,"163":0,"164":1,"165":0,"166":0,"167":0,"168":0,"169":0,"170":0,"171":0,"172":0,"173":0,"174":0,"175":0,"176":0,"177":0,"178":0,"179":0,"180":0,"181":0,"182":0,"183":0,"184":0,"185":0,"186":0,"187":0,"188":0,"189":0,"190":1,"191":0,"192":0,"193":0,"194":1,"195":0,"196":0,"197":1,"198":0,"199":0,"200":0,"201":0,"202":1,"203":1,"204":1},"f":{"0":0,"1":0,"2":0,"3":10,"4":1,"5":6,"6":1,"7":0,"8":0,"9":0,"10":0,"11":0,"12":0,"13":0,"14":0,"15":0,"16":0,"17":0,"18":0,"19":0,"20":0,"21":0,"22":0},"b":{"0":[1,1],"1":[1,1],"2":[1,1],"3":[1,1],"4":[0],"5":[1,1],"6":[1,1],"7":[1],"8":[10,9],"9":[1,1],"10":[1,0],"11":[1],"12":[5,0],"13":[5,5],"14":[5,5],"15":[0,5],"16":[1,0],"17":[0,0],"18":[0],"19":[0,0],"20":[0],"21":[0,0],"22":[0,0],"23":[0,0],"24":[0,0],"25":[0],"26":[0,0],"27":[0,0],"28":[0],"29":[0,0],"30":[0],"31":[0,0],"32":[0],"33":[0,0],"34":[0,0],"35":[0,0,0],"36":[0,0],"37":[0,0],"38":[0,0],"39":[0,0],"40":[0,0],"41":[0,0],"42":[0,0],"43":[0]}}
,"C:\\Users\\prana\\OneDrive\\Desktop\\NEXUS\\services\\gateway\\src\\schemas.ts": {"path":"C:\\Users\\prana\\OneDrive\\Desktop\\NEXUS\\services\\gateway\\src\\schemas.ts","statementMap":{"0":{"start":{"line":1,"column":0},"end":{"line":1,"column":24}},"1":{"start":{"line":7,"column":13},"end":{"line":10,"column":3}},"2":{"start":{"line":12,"column":13},"end":{"line":36,"column":3}},"3":{"start":{"line":22,"column":4},"end":{"line":27,"column":5}},"4":{"start":{"line":23,"column":6},"end":{"line":26,"column":10}},"5":{"start":{"line":23,"column":84},"end":{"line":26,"column":8}},"6":{"start":{"line":28,"column":4},"end":{"line":28,"column":15}},"7":{"start":{"line":38,"column":13},"end":{"line":38,"column":58}},"8":{"start":{"line":40,"column":13},"end":{"line":46,"column":3}},"9":{"start":{"line":48,"column":13},"end":{"line":58,"column":3}},"10":{"start":{"line":60,"column":13},"end":{"line":65,"column":3}},"11":{"start":{"line":67,"column":13},"end":{"line":72,"column":3}},"12":{"start":{"line":74,"column":13},"end":{"line":77,"column":3}}},"fnMap":{"0":{"name":"(anonymous_0)","decl":{"start":{"line":20,"column":37},"end":{"line":20,"column":38}},"loc":{"start":{"line":20,"column":45},"end":{"line":29,"column":3}}},"1":{"name":"(anonymous_1)","decl":{"start":{"line":23,"column":64},"end":{"line":23,"column":65}},"loc":{"start":{"line":23,"column":84},"end":{"line":26,"column":8}}}},"branchMap":{"0":{"loc":{"start":{"line":22,"column":4},"end":{"line":27,"column":5}},"type":"if","locations":[{"start":{"line":22,"column":4},"end":{"line":27,"column":5}}]},"1":{"loc":{"start":{"line":22,"column":8},"end":{"line":22,"column":61}},"type":"binary-expr","locations":[{"start":{"line":22,"column":8},"end":{"line":22,"column":11}},{"start":{"line":22,"column":15},"end":{"line":22,"column":38}},{"start":{"line":22,"column":42},"end":{"line":22,"column":61}}]}},"s":{"0":1,"1":1,"2":1,"3":8,"4":0,"5":0,"6":8,"7":1,"8":1,"9":1,"10":1,"11":1,"12":1},"f":{"0":8,"1":0},"b":{"0":[0],"1":[8,8,8]}}
,"C:\\Users\\prana\\OneDrive\\Desktop\\NEXUS\\services\\gateway\\src\\middleware\\auth.ts": {"path":"C:\\Users\\prana\\OneDrive\\Desktop\\NEXUS\\services\\gateway\\src\\middleware\\auth.ts","statementMap":{"0":{"start":{"line":41,"column":0},"end":{"line":41,"column":16}},"1":{"start":{"line":165,"column":0},"end":{"line":165,"column":16}},"2":{"start":{"line":1,"column":0},"end":{"line":1,"column":28}},"3":{"start":{"line":5,"column":0},"end":{"line":5,"column":30}},"4":{"start":{"line":8,"column":15},"end":{"line":12,"column":2}},"5":{"start":{"line":14,"column":23},"end":{"line":14,"column":104}},"6":{"start":{"line":15,"column":23},"end":{"line":15,"column":26}},"7":{"start":{"line":16,"column":26},"end":{"line":16,"column":39}},"8":{"start":{"line":22,"column":2},"end":{"line":22,"column":82}},"9":{"start":{"line":29,"column":2},"end":{"line":35,"column":4}},"10":{"start":{"line":42,"column":2},"end":{"line":144,"column":4}},"11":{"start":{"line":43,"column":23},"end":{"line":43,"column":51}},"12":{"start":{"line":45,"column":4},"end":{"line":54,"column":5}},"13":{"start":{"line":46,"column":22},"end":{"line":50,"column":null}},"14":{"start":{"line":52,"column":6},"end":{"line":52,"column":36}},"15":{"start":{"line":53,"column":6},"end":{"line":53,"column":13}},"16":{"start":{"line":56,"column":19},"end":{"line":56,"column":45}},"17":{"start":{"line":57,"column":4},"end":{"line":61,"column":5}},"18":{"start":{"line":58,"column":22},"end":{"line":58,"column":95}},"19":{"start":{"line":59,"column":6},"end":{"line":59,"column":36}},"20":{"start":{"line":60,"column":6},"end":{"line":60,"column":13}},"21":{"start":{"line":64,"column":21},"end":{"line":64,"column":62}},"22":{"start":{"line":65,"column":4},"end":{"line":74,"column":5}},"23":{"start":{"line":66,"column":6},"end":{"line":70,"column":8}},"24":{"start":{"line":71,"column":6},"end":{"line":71,"column":61}},"25":{"start":{"line":72,"column":6},"end":{"line":72,"column":13}},"26":{"start":{"line":73,"column":6},"end":{"line":73,"column":13}},"27":{"start":{"line":76,"column":20},"end":{"line":76,"column":38}},"28":{"start":{"line":77,"column":21},"end":{"line":77,"column":53}},"29":{"start":{"line":79,"column":4},"end":{"line":143,"column":5}},"30":{"start":{"line":81,"column":21},"end":{"line":81,"column":46}},"31":{"start":{"line":82,"column":6},"end":{"line":88,"column":7}},"32":{"start":{"line":83,"column":46},"end":{"line":83,"column":64}},"33":{"start":{"line":84,"column":8},"end":{"line":84,"column":32}},"34":{"start":{"line":85,"column":8},"end":{"line":85,"column":99}},"35":{"start":{"line":86,"column":8},"end":{"line":86,"column":15}},"36":{"start":{"line":87,"column":8},"end":{"line":87,"column":15}},"37":{"start":{"line":91,"column":27},"end":{"line":91,"column":67}},"38":{"start":{"line":92,"column":49},"end":{"line":92,"column":53}},"39":{"start":{"line":94,"column":6},"end":{"line":114,"column":7}},"40":{"start":{"line":95,"column":23},"end":{"line":100,"column":16}},"41":{"start":{"line":102,"column":8},"end":{"line":113,"column":9}},"42":{"start":{"line":103,"column":26},"end":{"line":103,"column":39}},"43":{"start":{"line":104,"column":24},"end":{"line":104,"column":62}},"44":{"start":{"line":105,"column":28},"end":{"line":105,"column":53}},"45":{"start":{"line":107,"column":10},"end":{"line":111,"column":12}},"46":{"start":{"line":112,"column":10},"end":{"line":112,"column":16}},"47":{"start":{"line":116,"column":6},"end":{"line":125,"column":7}},"48":{"start":{"line":117,"column":24},"end":{"line":121,"column":null}},"49":{"start":{"line":123,"column":8},"end":{"line":123,"column":38}},"50":{"start":{"line":124,"column":8},"end":{"line":124,"column":15}},"51":{"start":{"line":128,"column":6},"end":{"line":128,"column":79}},"52":{"start":{"line":131,"column":6},"end":{"line":131,"column":30}},"53":{"start":{"line":132,"column":6},"end":{"line":132,"column":91}},"54":{"start":{"line":133,"column":6},"end":{"line":133,"column":13}},"55":{"start":{"line":135,"column":6},"end":{"line":135,"column":70}},"56":{"start":{"line":136,"column":22},"end":{"line":140,"column":null}},"57":{"start":{"line":142,"column":6},"end":{"line":142,"column":36}},"58":{"start":{"line":151,"column":2},"end":{"line":159,"column":3}},"59":{"start":{"line":153,"column":6},"end":{"line":153,"column":90}},"60":{"start":{"line":155,"column":6},"end":{"line":155,"column":56}},"61":{"start":{"line":158,"column":6},"end":{"line":158,"column":52}},"62":{"start":{"line":168,"column":22},"end":{"line":168,"column":58}},"63":{"start":{"line":170,"column":2},"end":{"line":177,"column":4}},"64":{"start":{"line":171,"column":21},"end":{"line":171,"column":68}},"65":{"start":{"line":171,"column":45},"end":{"line":171,"column":67}},"66":{"start":{"line":172,"column":4},"end":{"line":175,"column":5}},"67":{"start":{"line":173,"column":6},"end":{"line":173,"column":13}},"68":{"start":{"line":174,"column":6},"end":{"line":174,"column":13}},"69":{"start":{"line":176,"column":4},"end":{"line":176,"column":47}}},"fnMap":{"0":{"name":"hashApiKey","decl":{"start":{"line":21,"column":9},"end":{"line":21,"column":19}},"loc":{"start":{"line":21,"column":34},"end":{"line":23,"column":1}}},"1":{"name":"problemDetails","decl":{"start":{"line":28,"column":9},"end":{"line":28,"column":23}},"loc":{"start":{"line":28,"column":88},"end":{"line":36,"column":1}}},"2":{"name":"createAuthMiddleware","decl":{"start":{"line":41,"column":16},"end":{"line":41,"column":36}},"loc":{"start":{"line":41,"column":71},"end":{"line":145,"column":1}}},"3":{"name":"(anonymous_4)","decl":{"start":{"line":42,"column":9},"end":{"line":42,"column":14}},"loc":{"start":{"line":42,"column":82},"end":{"line":144,"column":3}}},"4":{"name":"getRateLimitForTier","decl":{"start":{"line":150,"column":9},"end":{"line":150,"column":28}},"loc":{"start":{"line":150,"column":41},"end":{"line":160,"column":1}}},"5":{"name":"skipAuthForPublicRoutes","decl":{"start":{"line":165,"column":16},"end":{"line":165,"column":39}},"loc":{"start":{"line":166,"column":84},"end":{"line":178,"column":1}}},"6":{"name":"(anonymous_7)","decl":{"start":{"line":170,"column":9},"end":{"line":170,"column":10}},"loc":{"start":{"line":170,"column":67},"end":{"line":177,"column":3}}},"7":{"name":"(anonymous_8)","decl":{"start":{"line":171,"column":38},"end":{"line":171,"column":39}},"loc":{"start":{"line":171,"column":45},"end":{"line":171,"column":67}}}},"branchMap":{"0":{"loc":{"start":{"line":9,"column":9},"end":{"line":9,"column":43}},"type":"binary-expr","locations":[{"start":{"line":9,"column":9},"end":{"line":9,"column":33}},{"start":{"line":9,"column":37},"end":{"line":9,"column":43}}]},"1":{"loc":{"start":{"line":14,"column":23},"end":{"line":14,"column":104}},"type":"binary-expr","locations":[{"start":{"line":14,"column":23},"end":{"line":14,"column":60}},{"start":{"line":14,"column":64},"end":{"line":14,"column":104}}]},"2":{"loc":{"start":{"line":45,"column":4},"end":{"line":54,"column":5}},"type":"if","locations":[{"start":{"line":45,"column":4},"end":{"line":54,"column":5}}]},"3":{"loc":{"start":{"line":45,"column":8},"end":{"line":45,"column":56}},"type":"binary-expr","locations":[{"start":{"line":45,"column":8},"end":{"line":45,"column":19}},{"start":{"line":45,"column":23},"end":{"line":45,"column":56}}]},"4":{"loc":{"start":{"line":57,"column":4},"end":{"line":61,"column":5}},"type":"if","locations":[{"start":{"line":57,"column":4},"end":{"line":61,"column":5}}]},"5":{"loc":{"start":{"line":64,"column":21},"end":{"line":64,"column":62}},"type":"binary-expr","locations":[{"start":{"line":64,"column":21},"end":{"line":64,"column":45}},{"start":{"line":64,"column":49},"end":{"line":64,"column":62}}]},"6":{"loc":{"start":{"line":65,"column":4},"end":{"line":74,"column":5}},"type":"if","locations":[{"start":{"line":65,"column":4},"end":{"line":74,"column":5}}]},"7":{"loc":{"start":{"line":65,"column":8},"end":{"line":65,"column":90}},"type":"binary-expr","locations":[{"start":{"line":65,"column":8},"end":{"line":65,"column":34}},{"start":{"line":65,"column":39},"end":{"line":65,"column":60}},{"start":{"line":65,"column":64},"end":{"line":65,"column":89}}]},"8":{"loc":{"start":{"line":82,"column":6},"end":{"line":88,"column":7}},"type":"if","locations":[{"start":{"line":82,"column":6},"end":{"line":88,"column":7}}]},"9":{"loc":{"start":{"line":102,"column":8},"end":{"line":113,"column":9}},"type":"if","locations":[{"start":{"line":102,"column":8},"end":{"line":113,"column":9}}]},"10":{"loc":{"start":{"line":104,"column":24},"end":{"line":104,"column":62}},"type":"binary-expr","locations":[{"start":{"line":104,"column":24},"end":{"line":104,"column":52}},{"start":{"line":104,"column":56},"end":{"line":104,"column":62}}]},"11":{"loc":{"start":{"line":116,"column":6},"end":{"line":125,"column":7}},"type":"if","locations":[{"start":{"line":116,"column":6},"end":{"line":125,"column":7}}]},"12":{"loc":{"start":{"line":151,"column":2},"end":{"line":159,"column":3}},"type":"switch","locations":[{"start":{"line":152,"column":4},"end":{"line":153,"column":90}},{"start":{"line":154,"column":4},"end":{"line":155,"column":56}},{"start":{"line":156,"column":4},"end":{"line":156,"column":16}},{"start":{"line":157,"column":4},"end":{"line":158,"column":52}}]},"13":{"loc":{"start":{"line":172,"column":4},"end":{"line":175,"column":5}},"type":"if","locations":[{"start":{"line":172,"column":4},"end":{"line":175,"column":5}}]}},"s":{"0":1,"1":1,"2":1,"3":1,"4":1,"5":1,"6":1,"7":1,"8":10,"9":2,"10":1,"11":11,"12":11,"13":1,"14":1,"15":1,"16":10,"17":10,"18":0,"19":0,"20":0,"21":10,"22":10,"23":0,"24":0,"25":0,"26":0,"27":10,"28":10,"29":10,"30":10,"31":10,"32":8,"33":8,"34":8,"35":8,"36":8,"37":2,"38":2,"39":2,"40":1,"41":1,"42":1,"43":1,"44":1,"45":1,"46":1,"47":2,"48":1,"49":1,"50":1,"51":1,"52":1,"53":1,"54":1,"55":0,"56":0,"57":0,"58":1,"59":0,"60":1,"61":0,"62":1,"63":1,"64":12,"65":23,"66":12,"67":1,"68":1,"69":11},"f":{"0":10,"1":2,"2":1,"3":11,"4":1,"5":1,"6":12,"7":23},"b":{"0":[1,1],"1":[1,1],"2":[1],"3":[11,10],"4":[0],"5":[10,10],"6":[0],"7":[10,10,10],"8":[8],"9":[1],"10":[1,0],"11":[1],"12":[0,1,0,0],"13":[1]}}
,"C:\\Users\\prana\\OneDrive\\Desktop\\NEXUS\\services\\gateway\\src\\middleware\\rateLimiter.ts": {"path":"C:\\Users\\prana\\OneDrive\\Desktop\\NEXUS\\services\\gateway\\src\\middleware\\rateLimiter.ts","statementMap":{"0":{"start":{"line":19,"column":0},"end":{"line":19,"column":16}},"1":{"start":{"line":3,"column":0},"end":{"line":3,"column":30}},"2":{"start":{"line":6,"column":15},"end":{"line":10,"column":2}},"3":{"start":{"line":20,"column":2},"end":{"line":116,"column":4}},"4":{"start":{"line":21,"column":4},"end":{"line":24,"column":5}},"5":{"start":{"line":22,"column":6},"end":{"line":22,"column":13}},"6":{"start":{"line":23,"column":6},"end":{"line":23,"column":13}},"7":{"start":{"line":26,"column":39},"end":{"line":26,"column":48}},"8":{"start":{"line":29,"column":4},"end":{"line":32,"column":5}},"9":{"start":{"line":30,"column":6},"end":{"line":30,"column":13}},"10":{"start":{"line":31,"column":6},"end":{"line":31,"column":13}},"11":{"start":{"line":34,"column":16},"end":{"line":34,"column":26}},"12":{"start":{"line":35,"column":20},"end":{"line":35,"column":51}},"13":{"start":{"line":36,"column":22},"end":{"line":36,"column":55}},"14":{"start":{"line":38,"column":4},"end":{"line":115,"column":5}},"15":{"start":{"line":40,"column":30},"end":{"line":40,"column":44}},"16":{"start":{"line":41,"column":32},"end":{"line":41,"column":44}},"17":{"start":{"line":44,"column":23},"end":{"line":44,"column":39}},"18":{"start":{"line":47,"column":6},"end":{"line":47,"column":61}},"19":{"start":{"line":48,"column":6},"end":{"line":48,"column":30}},"20":{"start":{"line":51,"column":6},"end":{"line":51,"column":65}},"21":{"start":{"line":52,"column":6},"end":{"line":52,"column":32}},"22":{"start":{"line":54,"column":22},"end":{"line":54,"column":43}},"23":{"start":{"line":55,"column":6},"end":{"line":58,"column":7}},"24":{"start":{"line":56,"column":8},"end":{"line":56,"column":15}},"25":{"start":{"line":57,"column":8},"end":{"line":57,"column":15}},"26":{"start":{"line":60,"column":25},"end":{"line":60,"column":68}},"27":{"start":{"line":61,"column":27},"end":{"line":61,"column":70}},"28":{"start":{"line":64,"column":6},"end":{"line":77,"column":7}},"29":{"start":{"line":65,"column":34},"end":{"line":65,"column":88}},"30":{"start":{"line":66,"column":40},"end":{"line":72,"column":10}},"31":{"start":{"line":73,"column":8},"end":{"line":73,"column":58}},"32":{"start":{"line":74,"column":8},"end":{"line":74,"column":38}},"33":{"start":{"line":75,"column":8},"end":{"line":75,"column":103}},"34":{"start":{"line":76,"column":8},"end":{"line":76,"column":15}},"35":{"start":{"line":80,"column":6},"end":{"line":93,"column":7}},"36":{"start":{"line":81,"column":34},"end":{"line":81,"column":88}},"37":{"start":{"line":82,"column":40},"end":{"line":88,"column":10}},"38":{"start":{"line":89,"column":8},"end":{"line":89,"column":58}},"39":{"start":{"line":90,"column":8},"end":{"line":90,"column":38}},"40":{"start":{"line":91,"column":8},"end":{"line":91,"column":112}},"41":{"start":{"line":92,"column":8},"end":{"line":92,"column":15}},"42":{"start":{"line":96,"column":24},"end":{"line":96,"column":75}},"43":{"start":{"line":97,"column":26},"end":{"line":97,"column":42}},"44":{"start":{"line":98,"column":6},"end":{"line":98,"column":55}},"45":{"start":{"line":99,"column":6},"end":{"line":99,"column":40}},"46":{"start":{"line":100,"column":6},"end":{"line":100,"column":57}},"47":{"start":{"line":101,"column":6},"end":{"line":101,"column":40}},"48":{"start":{"line":102,"column":6},"end":{"line":102,"column":31}},"49":{"start":{"line":105,"column":6},"end":{"line":105,"column":66}},"50":{"start":{"line":106,"column":6},"end":{"line":106,"column":99}},"51":{"start":{"line":107,"column":6},"end":{"line":107,"column":76}},"52":{"start":{"line":108,"column":6},"end":{"line":108,"column":111}},"53":{"start":{"line":110,"column":6},"end":{"line":110,"column":13}},"54":{"start":{"line":113,"column":6},"end":{"line":113,"column":95}},"55":{"start":{"line":114,"column":6},"end":{"line":114,"column":13}}},"fnMap":{"0":{"name":"createRateLimiter","decl":{"start":{"line":19,"column":16},"end":{"line":19,"column":33}},"loc":{"start":{"line":19,"column":46},"end":{"line":117,"column":1}}},"1":{"name":"(anonymous_2)","decl":{"start":{"line":20,"column":9},"end":{"line":20,"column":14}},"loc":{"start":{"line":20,"column":82},"end":{"line":116,"column":3}}}},"branchMap":{"0":{"loc":{"start":{"line":7,"column":9},"end":{"line":7,"column":43}},"type":"binary-expr","locations":[{"start":{"line":7,"column":9},"end":{"line":7,"column":33}},{"start":{"line":7,"column":37},"end":{"line":7,"column":43}}]},"1":{"loc":{"start":{"line":21,"column":4},"end":{"line":24,"column":5}},"type":"if","locations":[{"start":{"line":21,"column":4},"end":{"line":24,"column":5}}]},"2":{"loc":{"start":{"line":29,"column":4},"end":{"line":32,"column":5}},"type":"if","locations":[{"start":{"line":29,"column":4},"end":{"line":32,"column":5}}]},"3":{"loc":{"start":{"line":55,"column":6},"end":{"line":58,"column":7}},"type":"if","locations":[{"start":{"line":55,"column":6},"end":{"line":58,"column":7}}]},"4":{"loc":{"start":{"line":60,"column":25},"end":{"line":60,"column":68}},"type":"binary-expr","locations":[{"start":{"line":60,"column":25},"end":{"line":60,"column":63}},{"start":{"line":60,"column":67},"end":{"line":60,"column":68}}]},"5":{"loc":{"start":{"line":61,"column":27},"end":{"line":61,"column":70}},"type":"binary-expr","locations":[{"start":{"line":61,"column":27},"end":{"line":61,"column":65}},{"start":{"line":61,"column":69},"end":{"line":61,"column":70}}]},"6":{"loc":{"start":{"line":64,"column":6},"end":{"line":77,"column":7}},"type":"if","locations":[{"start":{"line":64,"column":6},"end":{"line":77,"column":7}}]},"7":{"loc":{"start":{"line":80,"column":6},"end":{"line":93,"column":7}},"type":"if","locations":[{"start":{"line":80,"column":6},"end":{"line":93,"column":7}}]}},"s":{"0":1,"1":1,"2":1,"3":1,"4":9,"5":0,"6":0,"7":9,"8":9,"9":0,"10":0,"11":9,"12":9,"13":9,"14":9,"15":9,"16":9,"17":9,"18":9,"19":9,"20":9,"21":9,"22":9,"23":9,"24":0,"25":0,"26":9,"27":9,"28":9,"29":1,"30":1,"31":1,"32":1,"33":1,"34":1,"35":8,"36":0,"37":0,"38":0,"39":0,"40":0,"41":0,"42":8,"43":8,"44":8,"45":8,"46":8,"47":8,"48":8,"49":8,"50":8,"51":8,"52":8,"53":8,"54":0,"55":0},"f":{"0":1,"1":9},"b":{"0":[1,1],"1":[0],"2":[0],"3":[0],"4":[9,0],"5":[9,0],"6":[1],"7":[0]}}
,"C:\\Users\\prana\\OneDrive\\Desktop\\NEXUS\\services\\gateway\\src\\routes\\intercept.ts": {"path":"C:\\Users\\prana\\OneDrive\\Desktop\\NEXUS\\services\\gateway\\src\\routes\\intercept.ts","statementMap":{"0":{"start":{"line":56,"column":0},"end":{"line":56,"column":16}},"1":{"start":{"line":1,"column":0},"end":{"line":1,"column":52}},"2":{"start":{"line":2,"column":0},"end":{"line":2,"column":26}},"3":{"start":{"line":3,"column":0},"end":{"line":3,"column":24}},"4":{"start":{"line":4,"column":0},"end":{"line":4,"column":30}},"5":{"start":{"line":5,"column":0},"end":{"line":5,"column":68}},"6":{"start":{"line":8,"column":15},"end":{"line":12,"column":2}},"7":{"start":{"line":14,"column":24},"end":{"line":14,"column":81}},"8":{"start":{"line":15,"column":31},"end":{"line":15,"column":34}},"9":{"start":{"line":20,"column":23},"end":{"line":22,"column":56}},"10":{"start":{"line":28,"column":21},"end":{"line":28,"column":42}},"11":{"start":{"line":29,"column":20},"end":{"line":29,"column":80}},"12":{"start":{"line":29,"column":37},"end":{"line":29,"column":55}},"13":{"start":{"line":31,"column":2},"end":{"line":49,"column":3}},"14":{"start":{"line":32,"column":21},"end":{"line":37,"column":6}},"15":{"start":{"line":39,"column":4},"end":{"line":39,"column":28}},"16":{"start":{"line":41,"column":4},"end":{"line":43,"column":5}},"17":{"start":{"line":42,"column":6},"end":{"line":42,"column":71}},"18":{"start":{"line":45,"column":4},"end":{"line":45,"column":62}},"19":{"start":{"line":47,"column":4},"end":{"line":47,"column":28}},"20":{"start":{"line":48,"column":4},"end":{"line":48,"column":16}},"21":{"start":{"line":57,"column":17},"end":{"line":57,"column":25}},"22":{"start":{"line":59,"column":2},"end":{"line":153,"column":5}},"23":{"start":{"line":60,"column":22},"end":{"line":60,"column":39}},"24":{"start":{"line":63,"column":24},"end":{"line":63,"column":66}},"25":{"start":{"line":64,"column":4},"end":{"line":74,"column":5}},"26":{"start":{"line":65,"column":38},"end":{"line":71,"column":8}},"27":{"start":{"line":69,"column":52},"end":{"line":69,"column":87}},"28":{"start":{"line":72,"column":6},"end":{"line":72,"column":36}},"29":{"start":{"line":73,"column":6},"end":{"line":73,"column":13}},"30":{"start":{"line":76,"column":18},"end":{"line":76,"column":34}},"31":{"start":{"line":77,"column":18},"end":{"line":77,"column":50}},"32":{"start":{"line":79,"column":4},"end":{"line":152,"column":5}},"33":{"start":{"line":81,"column":30},"end":{"line":86,"column":8}},"34":{"start":{"line":88,"column":24},"end":{"line":88,"column":53}},"35":{"start":{"line":91,"column":6},"end":{"line":99,"column":9}},"36":{"start":{"line":102,"column":23},"end":{"line":105,"column":8}},"37":{"start":{"line":107,"column":6},"end":{"line":112,"column":9}},"38":{"start":{"line":114,"column":6},"end":{"line":114,"column":37}},"39":{"start":{"line":116,"column":24},"end":{"line":116,"column":53}},"40":{"start":{"line":120,"column":31},"end":{"line":130,"column":8}},"41":{"start":{"line":132,"column":6},"end":{"line":137,"column":9}},"42":{"start":{"line":140,"column":6},"end":{"line":149,"column":9}},"43":{"start":{"line":151,"column":6},"end":{"line":151,"column":45}},"44":{"start":{"line":155,"column":2},"end":{"line":155,"column":16}}},"fnMap":{"0":{"name":"forwardToInterceptor","decl":{"start":{"line":27,"column":15},"end":{"line":27,"column":35}},"loc":{"start":{"line":27,"column":68},"end":{"line":50,"column":1}}},"1":{"name":"(anonymous_2)","decl":{"start":{"line":29,"column":31},"end":{"line":29,"column":34}},"loc":{"start":{"line":29,"column":37},"end":{"line":29,"column":55}}},"2":{"name":"createInterceptRouter","decl":{"start":{"line":56,"column":16},"end":{"line":56,"column":37}},"loc":{"start":{"line":56,"column":66},"end":{"line":156,"column":1}}},"3":{"name":"(anonymous_4)","decl":{"start":{"line":59,"column":19},"end":{"line":59,"column":24}},"loc":{"start":{"line":59,"column":72},"end":{"line":153,"column":3}}},"4":{"name":"(anonymous_5)","decl":{"start":{"line":69,"column":45},"end":{"line":69,"column":46}},"loc":{"start":{"line":69,"column":52},"end":{"line":69,"column":87}}}},"branchMap":{"0":{"loc":{"start":{"line":9,"column":9},"end":{"line":9,"column":43}},"type":"binary-expr","locations":[{"start":{"line":9,"column":9},"end":{"line":9,"column":33}},{"start":{"line":9,"column":37},"end":{"line":9,"column":43}}]},"1":{"loc":{"start":{"line":14,"column":24},"end":{"line":14,"column":81}},"type":"binary-expr","locations":[{"start":{"line":14,"column":24},"end":{"line":14,"column":54}},{"start":{"line":14,"column":58},"end":{"line":14,"column":81}}]},"2":{"loc":{"start":{"line":20,"column":23},"end":{"line":22,"column":56}},"type":"cond-expr","locations":[{"start":{"line":21,"column":4},"end":{"line":21,"column":57}},{"start":{"line":22,"column":4},"end":{"line":22,"column":56}}]},"3":{"loc":{"start":{"line":41,"column":4},"end":{"line":43,"column":5}},"type":"if","locations":[{"start":{"line":41,"column":4},"end":{"line":43,"column":5}}]},"4":{"loc":{"start":{"line":64,"column":4},"end":{"line":74,"column":5}},"type":"if","locations":[{"start":{"line":64,"column":4},"end":{"line":74,"column":5}}]},"5":{"loc":{"start":{"line":77,"column":18},"end":{"line":77,"column":50}},"type":"binary-expr","locations":[{"start":{"line":77,"column":18},"end":{"line":77,"column":34}},{"start":{"line":77,"column":38},"end":{"line":77,"column":50}}]},"6":{"loc":{"start":{"line":84,"column":18},"end":{"line":84,"column":55}},"type":"binary-expr","locations":[{"start":{"line":84,"column":18},"end":{"line":84,"column":32}},{"start":{"line":84,"column":36},"end":{"line":84,"column":55}}]},"7":{"loc":{"start":{"line":85,"column":19},"end":{"line":85,"column":48}},"type":"binary-expr","locations":[{"start":{"line":85,"column":19},"end":{"line":85,"column":34}},{"start":{"line":85,"column":38},"end":{"line":85,"column":48}}]},"8":{"loc":{"start":{"line":121,"column":18},"end":{"line":121,"column":55}},"type":"binary-expr","locations":[{"start":{"line":121,"column":18},"end":{"line":121,"column":32}},{"start":{"line":121,"column":36},"end":{"line":121,"column":55}}]},"9":{"loc":{"start":{"line":135,"column":15},"end":{"line":135,"column":69}},"type":"cond-expr","locations":[{"start":{"line":135,"column":40},"end":{"line":135,"column":53}},{"start":{"line":135,"column":56},"end":{"line":135,"column":69}}]}},"s":{"0":1,"1":1,"2":1,"3":1,"4":1,"5":1,"6":1,"7":1,"8":1,"9":1,"10":2,"11":2,"12":0,"13":2,"14":2,"15":1,"16":1,"17":0,"18":1,"19":1,"20":1,"21":1,"22":1,"23":2,"24":2,"25":2,"26":0,"27":0,"28":0,"29":0,"30":2,"31":2,"32":2,"33":2,"34":1,"35":1,"36":1,"37":1,"38":1,"39":1,"40":1,"41":1,"42":1,"43":1,"44":1},"f":{"0":2,"1":0,"2":1,"3":2,"4":0},"b":{"0":[1,1],"1":[1,1],"2":[0,1],"3":[0],"4":[0],"5":[2,0],"6":[2,2],"7":[2,2],"8":[1,1],"9":[1,0]}}
,"C:\\Users\\prana\\OneDrive\\Desktop\\NEXUS\\services\\gateway\\src\\services\\pubsub.ts": {"path":"C:\\Users\\prana\\OneDrive\\Desktop\\NEXUS\\services\\gateway\\src\\services\\pubsub.ts","statementMap":{"0":{"start":{"line":1,"column":0},"end":{"line":1,"column":53}},"1":{"start":{"line":2,"column":0},"end":{"line":2,"column":30}},"2":{"start":{"line":4,"column":15},"end":{"line":8,"column":2}},"3":{"start":{"line":32,"column":34},"end":{"line":32,"column":37}},"4":{"start":{"line":33,"column":37},"end":{"line":33,"column":39}},"5":{"start":{"line":34,"column":42},"end":{"line":34,"column":46}},"6":{"start":{"line":37,"column":4},"end":{"line":39,"column":7}},"7":{"start":{"line":40,"column":4},"end":{"line":40,"column":32}},"8":{"start":{"line":41,"column":4},"end":{"line":41,"column":28}},"9":{"start":{"line":42,"column":4},"end":{"line":42,"column":33}},"10":{"start":{"line":50,"column":22},"end":{"line":50,"column":48}},"11":{"start":{"line":51,"column":19},"end":{"line":51,"column":49}},"12":{"start":{"line":52,"column":4},"end":{"line":52,"column":30}},"13":{"start":{"line":52,"column":16},"end":{"line":52,"column":30}},"14":{"start":{"line":54,"column":18},"end":{"line":54,"column":46}},"15":{"start":{"line":55,"column":21},"end":{"line":55,"column":41}},"16":{"start":{"line":56,"column":4},"end":{"line":59,"column":5}},"17":{"start":{"line":57,"column":6},"end":{"line":57,"column":27}},"18":{"start":{"line":58,"column":6},"end":{"line":58,"column":58}},"19":{"start":{"line":61,"column":4},"end":{"line":61,"column":42}},"20":{"start":{"line":62,"column":4},"end":{"line":62,"column":17}},"21":{"start":{"line":69,"column":19},"end":{"line":69,"column":49}},"22":{"start":{"line":70,"column":4},"end":{"line":70,"column":30}},"23":{"start":{"line":70,"column":16},"end":{"line":70,"column":30}},"24":{"start":{"line":72,"column":18},"end":{"line":72,"column":46}},"25":{"start":{"line":73,"column":21},"end":{"line":73,"column":41}},"26":{"start":{"line":74,"column":4},"end":{"line":77,"column":5}},"27":{"start":{"line":75,"column":6},"end":{"line":75,"column":27}},"28":{"start":{"line":76,"column":6},"end":{"line":76,"column":58}},"29":{"start":{"line":79,"column":4},"end":{"line":79,"column":42}},"30":{"start":{"line":80,"column":4},"end":{"line":80,"column":17}},"31":{"start":{"line":88,"column":22},"end":{"line":88,"column":56}},"32":{"start":{"line":89,"column":4},"end":{"line":92,"column":7}},"33":{"start":{"line":99,"column":22},"end":{"line":99,"column":43}},"34":{"start":{"line":100,"column":4},"end":{"line":106,"column":7}},"35":{"start":{"line":104,"column":6},"end":{"line":104,"column":87}},"36":{"start":{"line":105,"column":6},"end":{"line":105,"column":61}},"37":{"start":{"line":113,"column":22},"end":{"line":113,"column":45}},"38":{"start":{"line":114,"column":4},"end":{"line":117,"column":7}},"39":{"start":{"line":128,"column":4},"end":{"line":154,"column":7}},"40":{"start":{"line":129,"column":35},"end":{"line":135,"column":8}},"41":{"start":{"line":137,"column":23},"end":{"line":137,"column":55}},"42":{"start":{"line":138,"column":6},"end":{"line":138,"column":25}},"43":{"start":{"line":139,"column":6},"end":{"line":139,"column":43}},"44":{"start":{"line":142,"column":6},"end":{"line":145,"column":7}},"45":{"start":{"line":143,"column":8},"end":{"line":143,"column":35}},"46":{"start":{"line":144,"column":8},"end":{"line":144,"column":15}},"47":{"start":{"line":148,"column":6},"end":{"line":153,"column":7}},"48":{"start":{"line":149,"column":22},"end":{"line":151,"column":32}},"49":{"start":{"line":150,"column":10},"end":{"line":150,"column":37}},"50":{"start":{"line":152,"column":8},"end":{"line":152,"column":47}},"51":{"start":{"line":162,"column":18},"end":{"line":162,"column":49}},"52":{"start":{"line":163,"column":4},"end":{"line":166,"column":5}},"53":{"start":{"line":164,"column":6},"end":{"line":164,"column":26}},"54":{"start":{"line":165,"column":6},"end":{"line":165,"column":41}},"55":{"start":{"line":168,"column":21},"end":{"line":168,"column":47}},"56":{"start":{"line":169,"column":4},"end":{"line":169,"column":51}},"57":{"start":{"line":169,"column":44},"end":{"line":169,"column":51}},"58":{"start":{"line":172,"column":4},"end":{"line":172,"column":34}},"59":{"start":{"line":174,"column":4},"end":{"line":203,"column":5}},"60":{"start":{"line":175,"column":20},"end":{"line":175,"column":56}},"61":{"start":{"line":178,"column":30},"end":{"line":191,"column":8}},"62":{"start":{"line":179,"column":8},"end":{"line":190,"column":9}},"63":{"start":{"line":180,"column":28},"end":{"line":183,"column":12}},"64":{"start":{"line":184,"column":10},"end":{"line":184,"column":33}},"65":{"start":{"line":185,"column":10},"end":{"line":185,"column":27}},"66":{"start":{"line":187,"column":10},"end":{"line":187,"column":37}},"67":{"start":{"line":188,"column":10},"end":{"line":188,"column":92}},"68":{"start":{"line":189,"column":10},"end":{"line":189,"column":22}},"69":{"start":{"line":193,"column":22},"end":{"line":193,"column":63}},"70":{"start":{"line":194,"column":24},"end":{"line":194,"column":78}},"71":{"start":{"line":194,"column":46},"end":{"line":194,"column":70}},"72":{"start":{"line":195,"column":21},"end":{"line":195,"column":74}},"73":{"start":{"line":195,"column":43},"end":{"line":195,"column":66}},"74":{"start":{"line":197,"column":6},"end":{"line":197,"column":101}},"75":{"start":{"line":199,"column":6},"end":{"line":199,"column":87}},"76":{"start":{"line":200,"column":6},"end":{"line":202,"column":7}},"77":{"start":{"line":201,"column":8},"end":{"line":201,"column":35}},"78":{"start":{"line":214,"column":4},"end":{"line":244,"column":5}},"79":{"start":{"line":215,"column":6},"end":{"line":217,"column":7}},"80":{"start":{"line":216,"column":8},"end":{"line":216,"column":79}},"81":{"start":{"line":219,"column":6},"end":{"line":232,"column":9}},"82":{"start":{"line":234,"column":6},"end":{"line":237,"column":9}},"83":{"start":{"line":239,"column":6},"end":{"line":243,"column":9}},"84":{"start":{"line":251,"column":19},"end":{"line":251,"column":49}},"85":{"start":{"line":252,"column":4},"end":{"line":254,"column":5}},"86":{"start":{"line":253,"column":6},"end":{"line":253,"column":35}},"87":{"start":{"line":255,"column":4},"end":{"line":255,"column":30}},"88":{"start":{"line":256,"column":4},"end":{"line":256,"column":55}},"89":{"start":{"line":27,"column":0},"end":{"line":27,"column":13}}},"fnMap":{"0":{"name":"(anonymous_1)","decl":{"start":{"line":36,"column":2},"end":{"line":36,"column":null}},"loc":{"start":{"line":36,"column":2},"end":{"line":43,"column":3}}},"1":{"name":"(anonymous_2)","decl":{"start":{"line":49,"column":10},"end":{"line":49,"column":15}},"loc":{"start":{"line":49,"column":46},"end":{"line":63,"column":3}}},"2":{"name":"(anonymous_3)","decl":{"start":{"line":68,"column":10},"end":{"line":68,"column":15}},"loc":{"start":{"line":68,"column":48},"end":{"line":81,"column":3}}},"3":{"name":"(anonymous_4)","decl":{"start":{"line":87,"column":2},"end":{"line":87,"column":7}},"loc":{"start":{"line":87,"column":51},"end":{"line":93,"column":3}}},"4":{"name":"(anonymous_5)","decl":{"start":{"line":98,"column":2},"end":{"line":98,"column":21}},"loc":{"start":{"line":98,"column":66},"end":{"line":107,"column":3}}},"5":{"name":"(anonymous_6)","decl":{"start":{"line":103,"column":13},"end":{"line":103,"column":14}},"loc":{"start":{"line":103,"column":23},"end":{"line":106,"column":5}}},"6":{"name":"(anonymous_7)","decl":{"start":{"line":112,"column":2},"end":{"line":112,"column":7}},"loc":{"start":{"line":112,"column":65},"end":{"line":118,"column":3}}},"7":{"name":"(anonymous_8)","decl":{"start":{"line":123,"column":10},"end":{"line":123,"column":24}},"loc":{"start":{"line":126,"column":38},"end":{"line":155,"column":3}}},"8":{"name":"(anonymous_9)","decl":{"start":{"line":128,"column":31},"end":{"line":128,"column":32}},"loc":{"start":{"line":128,"column":51},"end":{"line":154,"column":5}}},"9":{"name":"(anonymous_10)","decl":{"start":{"line":149,"column":33},"end":{"line":149,"column":36}},"loc":{"start":{"line":149,"column":38},"end":{"line":151,"column":9}}},"10":{"name":"(anonymous_11)","decl":{"start":{"line":160,"column":10},"end":{"line":160,"column":15}},"loc":{"start":{"line":160,"column":44},"end":{"line":204,"column":3}}},"11":{"name":"(anonymous_12)","decl":{"start":{"line":178,"column":43},"end":{"line":178,"column":48}},"loc":{"start":{"line":178,"column":57},"end":{"line":191,"column":7}}},"12":{"name":"(anonymous_13)","decl":{"start":{"line":194,"column":39},"end":{"line":194,"column":40}},"loc":{"start":{"line":194,"column":46},"end":{"line":194,"column":70}}},"13":{"name":"(anonymous_14)","decl":{"start":{"line":195,"column":36},"end":{"line":195,"column":37}},"loc":{"start":{"line":195,"column":43},"end":{"line":195,"column":66}}},"14":{"name":"(anonymous_15)","decl":{"start":{"line":209,"column":10},"end":{"line":209,"column":15}},"loc":{"start":{"line":212,"column":16},"end":{"line":245,"column":3}}},"15":{"name":"(anonymous_16)","decl":{"start":{"line":250,"column":2},"end":{"line":250,"column":7}},"loc":{"start":{"line":250,"column":16},"end":{"line":257,"column":3}}}},"branchMap":{"0":{"loc":{"start":{"line":5,"column":9},"end":{"line":5,"column":43}},"type":"binary-expr","locations":[{"start":{"line":5,"column":9},"end":{"line":5,"column":33}},{"start":{"line":5,"column":37},"end":{"line":5,"column":43}}]},"1":{"loc":{"start":{"line":38,"column":17},"end":{"line":38,"column":72}},"type":"binary-expr","locations":[{"start":{"line":38,"column":17},"end":{"line":38,"column":52}},{"start":{"line":38,"column":56},"end":{"line":38,"column":72}}]},"2":{"loc":{"start":{"line":52,"column":4},"end":{"line":52,"column":30}},"type":"if","locations":[{"start":{"line":52,"column":4},"end":{"line":52,"column":30}}]},"3":{"loc":{"start":{"line":56,"column":4},"end":{"line":59,"column":5}},"type":"if","locations":[{"start":{"line":56,"column":4},"end":{"line":59,"column":5}}]},"4":{"loc":{"start":{"line":70,"column":4},"end":{"line":70,"column":30}},"type":"if","locations":[{"start":{"line":70,"column":4},"end":{"line":70,"column":30}}]},"5":{"loc":{"start":{"line":74,"column":4},"end":{"line":77,"column":5}},"type":"if","locations":[{"start":{"line":74,"column":4},"end":{"line":77,"column":5}}]},"6":{"loc":{"start":{"line":137,"column":23},"end":{"line":137,"column":55}},"type":"binary-expr","locations":[{"start":{"line":137,"column":23},"end":{"line":137,"column":49}},{"start":{"line":137,"column":53},"end":{"line":137,"column":55}}]},"7":{"loc":{"start":{"line":142,"column":6},"end":{"line":145,"column":7}},"type":"if","locations":[{"start":{"line":142,"column":6},"end":{"line":145,"column":7}}]},"8":{"loc":{"start":{"line":148,"column":6},"end":{"line":153,"column":7}},"type":"if","locations":[{"start":{"line":148,"column":6},"end":{"line":153,"column":7}}]},"9":{"loc":{"start":{"line":163,"column":4},"end":{"line":166,"column":5}},"type":"if","locations":[{"start":{"line":163,"column":4},"end":{"line":166,"column":5}}]},"10":{"loc":{"start":{"line":169,"column":4},"end":{"line":169,"column":51}},"type":"if","locations":[{"start":{"line":169,"column":4},"end":{"line":169,"column":51}}]},"11":{"loc":{"start":{"line":169,"column":8},"end":{"line":169,"column":42}},"type":"binary-expr","locations":[{"start":{"line":169,"column":8},"end":{"line":169,"column":17}},{"start":{"line":169,"column":21},"end":{"line":169,"column":42}}]},"12":{"loc":{"start":{"line":215,"column":6},"end":{"line":217,"column":7}},"type":"if","locations":[{"start":{"line":215,"column":6},"end":{"line":217,"column":7}}]}},"s":{"0":1,"1":1,"2":1,"3":1,"4":1,"5":1,"6":1,"7":1,"8":1,"9":1,"10":0,"11":0,"12":0,"13":0,"14":0,"15":0,"16":0,"17":0,"18":0,"19":0,"20":0,"21":7,"22":7,"23":4,"24":3,"25":3,"26":3,"27":0,"28":0,"29":3,"30":3,"31":5,"32":5,"33":2,"34":2,"35":0,"36":0,"37":0,"38":0,"39":7,"40":7,"41":7,"42":7,"43":7,"44":7,"45":0,"46":0,"47":7,"48":6,"49":6,"50":6,"51":6,"52":6,"53":6,"54":6,"55":6,"56":6,"57":0,"58":6,"59":6,"60":6,"61":6,"62":7,"63":7,"64":6,"65":6,"66":1,"67":1,"68":1,"69":6,"70":6,"71":7,"72":6,"73":7,"74":6,"75":0,"76":0,"77":0,"78":1,"79":1,"80":1,"81":1,"82":1,"83":0,"84":0,"85":0,"86":0,"87":0,"88":0,"89":1},"f":{"0":1,"1":0,"2":7,"3":5,"4":2,"5":0,"6":0,"7":7,"8":7,"9":6,"10":6,"11":7,"12":7,"13":7,"14":1,"15":0},"b":{"0":[1,1],"1":[1,1],"2":[0],"3":[0],"4":[4],"5":[0],"6":[7,6],"7":[0],"8":[6],"9":[6],"10":[0],"11":[6,6],"12":[1]}}
}
