TN:
SF:src\index.ts
FN:49,(anonymous_1)
FN:55,(anonymous_2)
FN:56,(anonymous_3)
FN:84,(anonymous_4)
FN:99,(anonymous_5)
FN:135,(anonymous_6)
FN:142,(anonymous_7)
FN:204,(anonymous_8)
FN:238,(anonymous_9)
FN:245,(anonymous_10)
FN:311,(anonymous_11)
FN:335,(anonymous_12)
FN:362,(anonymous_13)
FN:374,(anonymous_14)
FN:400,(anonymous_15)
FN:419,(anonymous_16)
FN:460,(anonymous_17)
FN:467,(anonymous_18)
FN:523,(anonymous_19)
FN:548,(anonymous_20)
FN:597,(anonymous_21)
FN:612,(anonymous_22)
FN:617,(anonymous_23)
FNF:23
FNH:5
FNDA:0,(anonymous_1)
FNDA:0,(anonymous_2)
FNDA:0,(anonymous_3)
FNDA:10,(anonymous_4)
FNDA:1,(anonymous_5)
FNDA:6,(anonymous_6)
FNDA:1,(anonymous_7)
FNDA:0,(anonymous_8)
FNDA:0,(anonymous_9)
FNDA:0,(anonymous_10)
FNDA:0,(anonymous_11)
FNDA:0,(anonymous_12)
FNDA:0,(anonymous_13)
FNDA:0,(anonymous_14)
FNDA:0,(anonymous_15)
FNDA:0,(anonymous_16)
FNDA:0,(anonymous_17)
FNDA:0,(anonymous_18)
FNDA:0,(anonymous_19)
FNDA:0,(anonymous_20)
FNDA:0,(anonymous_21)
FNDA:1,(anonymous_22)
FNDA:0,(anonymous_23)
DA:1,1
DA:2,1
DA:3,1
DA:4,1
DA:5,1
DA:6,1
DA:7,1
DA:8,1
DA:10,1
DA:18,1
DA:19,1
DA:20,1
DA:21,1
DA:27,1
DA:41,1
DA:45,1
DA:50,0
DA:51,0
DA:55,1
DA:56,1
DA:58,1
DA:64,1
DA:65,1
DA:66,1
DA:67,1
DA:70,1
DA:71,1
DA:76,1
DA:79,1
DA:80,1
DA:83,1
DA:84,1
DA:85,10
DA:86,1
DA:87,1
DA:89,9
DA:99,1
DA:100,1
DA:101,1
DA:102,1
DA:104,1
DA:105,1
DA:106,1
DA:111,1
DA:112,1
DA:113,1
DA:118,1
DA:120,1
DA:135,1
DA:136,6
DA:137,6
DA:138,1
DA:142,1
DA:145,1
DA:146,1
DA:149,5
DA:150,5
DA:151,5
DA:152,5
DA:155,5
DA:159,5
DA:160,5
DA:171,4
DA:173,4
DA:179,1
DA:185,1
DA:192,1
DA:199,1
DA:204,1
DA:205,0
DA:207,0
DA:208,0
DA:214,0
DA:215,0
DA:218,0
DA:219,0
DA:221,0
DA:224,0
DA:231,0
DA:238,1
DA:239,0
DA:240,0
DA:241,0
DA:245,0
DA:248,0
DA:249,0
DA:252,0
DA:253,0
DA:254,0
DA:255,0
DA:256,0
DA:258,0
DA:259,0
DA:262,0
DA:263,0
DA:273,0
DA:274,0
DA:280,0
DA:282,0
DA:284,0
DA:294,0
DA:297,0
DA:304,0
DA:311,1
DA:312,0
DA:314,0
DA:315,0
DA:322,0
DA:323,0
DA:326,0
DA:327,0
DA:335,0
DA:340,0
DA:347,0
DA:348,0
DA:355,0
DA:362,1
DA:363,0
DA:365,0
DA:366,0
DA:374,0
DA:379,0
DA:385,0
DA:386,0
DA:393,0
DA:400,1
DA:401,0
DA:403,0
DA:404,0
DA:408,0
DA:409,0
DA:410,0
DA:419,0
DA:425,0
DA:432,0
DA:434,0
DA:445,0
DA:446,0
DA:453,0
DA:460,1
DA:461,0
DA:462,0
DA:463,0
DA:467,0
DA:470,0
DA:471,0
DA:474,0
DA:475,0
DA:477,0
DA:479,0
DA:480,0
DA:492,0
DA:493,0
DA:496,0
DA:498,0
DA:500,0
DA:506,0
DA:512,0
DA:523,1
DA:524,0
DA:526,0
DA:528,0
DA:537,0
DA:538,0
DA:544,0
DA:548,0
DA:549,0
DA:550,0
DA:552,0
DA:553,0
DA:554,0
DA:555,0
DA:558,0
DA:559,0
DA:560,0
DA:561,0
DA:563,0
DA:566,0
DA:567,0
DA:570,0
DA:572,0
DA:583,0
DA:584,0
DA:597,1
DA:598,0
DA:599,0
DA:605,0
DA:612,1
DA:613,1
DA:617,1
DA:618,0
DA:619,0
DA:620,0
DA:621,0
DA:624,1
DA:625,1
DA:627,1
LF:197
LH:80
BRDA:28,0,0,1
BRDA:28,0,1,1
BRDA:42,1,0,1
BRDA:42,1,1,1
BRDA:46,2,0,1
BRDA:46,2,1,1
BRDA:47,3,0,1
BRDA:47,3,1,1
BRDA:50,4,0,0
BRDA:65,5,0,1
BRDA:65,5,1,1
BRDA:72,6,0,1
BRDA:72,6,1,1
BRDA:85,7,0,1
BRDA:85,8,0,10
BRDA:85,8,1,9
BRDA:118,9,0,1
BRDA:118,9,1,1
BRDA:121,10,0,1
BRDA:121,10,1,0
BRDA:137,11,0,1
BRDA:150,12,0,5
BRDA:150,12,1,0
BRDA:151,13,0,5
BRDA:151,13,1,5
BRDA:152,14,0,5
BRDA:152,14,1,5
BRDA:155,15,0,0
BRDA:155,15,1,5
BRDA:182,16,0,1
BRDA:182,16,1,0
BRDA:205,17,0,0
BRDA:205,17,1,0
BRDA:214,18,0,0
BRDA:222,19,0,0
BRDA:222,19,1,0
BRDA:240,20,0,0
BRDA:255,21,0,0
BRDA:255,21,1,0
BRDA:266,22,0,0
BRDA:266,22,1,0
BRDA:267,23,0,0
BRDA:267,23,1,0
BRDA:295,24,0,0
BRDA:295,24,1,0
BRDA:314,25,0,0
BRDA:314,26,0,0
BRDA:314,26,1,0
BRDA:404,27,0,0
BRDA:404,27,1,0
BRDA:462,28,0,0
BRDA:479,29,0,0
BRDA:479,29,1,0
BRDA:492,30,0,0
BRDA:508,31,0,0
BRDA:508,31,1,0
BRDA:537,32,0,0
BRDA:558,33,0,0
BRDA:558,33,1,0
BRDA:560,34,0,0
BRDA:560,34,1,0
BRDA:560,35,0,0
BRDA:560,35,1,0
BRDA:560,35,2,0
BRDA:570,36,0,0
BRDA:570,36,1,0
BRDA:577,37,0,0
BRDA:577,37,1,0
BRDA:578,38,0,0
BRDA:578,38,1,0
BRDA:579,39,0,0
BRDA:579,39,1,0
BRDA:579,40,0,0
BRDA:579,40,1,0
BRDA:579,41,0,0
BRDA:579,41,1,0
BRDA:579,42,0,0
BRDA:579,42,1,0
BRF:78
BRH:26
end_of_record
TN:
SF:src\schemas.ts
FNF:0
FNH:0
DA:1,1
DA:7,1
DA:12,1
DA:27,1
DA:29,1
DA:37,1
DA:49,1
DA:56,1
DA:63,1
LF:9
LH:9
BRF:0
BRH:0
end_of_record
TN:
SF:src\middleware\auth.ts
FN:21,hashApiKey
FN:28,problemDetails
FN:41,createAuthMiddleware
FN:42,(anonymous_4)
FN:150,getRateLimitForTier
FN:165,skipAuthForPublicRoutes
FN:170,(anonymous_7)
FN:171,(anonymous_8)
FNF:8
FNH:8
FNDA:10,hashApiKey
FNDA:2,problemDetails
FNDA:1,createAuthMiddleware
FNDA:11,(anonymous_4)
FNDA:1,getRateLimitForTier
FNDA:1,skipAuthForPublicRoutes
FNDA:12,(anonymous_7)
FNDA:23,(anonymous_8)
DA:1,1
DA:5,1
DA:8,1
DA:14,1
DA:15,1
DA:16,1
DA:22,10
DA:29,2
DA:41,1
DA:42,1
DA:43,11
DA:45,11
DA:46,1
DA:52,1
DA:53,1
DA:56,10
DA:57,10
DA:58,0
DA:59,0
DA:60,0
DA:64,10
DA:65,10
DA:66,0
DA:71,0
DA:72,0
DA:73,0
DA:76,10
DA:77,10
DA:79,10
DA:81,10
DA:82,10
DA:83,8
DA:84,8
DA:85,8
DA:86,8
DA:87,8
DA:91,2
DA:92,2
DA:94,2
DA:95,1
DA:102,1
DA:103,1
DA:104,1
DA:105,1
DA:107,1
DA:112,1
DA:116,2
DA:117,1
DA:123,1
DA:124,1
DA:128,1
DA:131,1
DA:132,1
DA:133,1
DA:135,0
DA:136,0
DA:142,0
DA:151,1
DA:153,0
DA:155,1
DA:158,0
DA:165,1
DA:168,1
DA:170,1
DA:171,23
DA:172,12
DA:173,1
DA:174,1
DA:176,11
LF:69
LH:57
BRDA:9,0,0,1
BRDA:9,0,1,1
BRDA:14,1,0,1
BRDA:14,1,1,1
BRDA:45,2,0,1
BRDA:45,3,0,11
BRDA:45,3,1,10
BRDA:57,4,0,0
BRDA:64,5,0,10
BRDA:64,5,1,10
BRDA:65,6,0,0
BRDA:65,7,0,10
BRDA:65,7,1,10
BRDA:65,7,2,10
BRDA:82,8,0,8
BRDA:102,9,0,1
BRDA:104,10,0,1
BRDA:104,10,1,0
BRDA:116,11,0,1
BRDA:151,12,0,0
BRDA:151,12,1,1
BRDA:151,12,2,0
BRDA:151,12,3,0
BRDA:172,13,0,1
BRF:24
BRH:18
end_of_record
TN:
SF:src\middleware\rateLimiter.ts
FN:19,createRateLimiter
FN:20,(anonymous_2)
FNF:2
FNH:2
FNDA:1,createRateLimiter
FNDA:9,(anonymous_2)
DA:3,1
DA:6,1
DA:19,1
DA:20,1
DA:21,9
DA:22,0
DA:23,0
DA:26,9
DA:29,9
DA:30,0
DA:31,0
DA:34,9
DA:35,9
DA:36,9
DA:38,9
DA:40,9
DA:41,9
DA:44,9
DA:47,9
DA:48,9
DA:51,9
DA:52,9
DA:54,9
DA:55,9
DA:56,0
DA:57,0
DA:60,9
DA:61,9
DA:64,9
DA:65,1
DA:66,1
DA:73,1
DA:74,1
DA:75,1
DA:76,1
DA:80,8
DA:81,0
DA:82,0
DA:89,0
DA:90,0
DA:91,0
DA:92,0
DA:96,8
DA:97,8
DA:98,8
DA:99,8
DA:100,8
DA:101,8
DA:102,8
DA:105,8
DA:106,8
DA:107,8
DA:108,8
DA:110,8
DA:113,0
DA:114,0
LF:56
LH:42
BRDA:7,0,0,1
BRDA:7,0,1,1
BRDA:21,1,0,0
BRDA:29,2,0,0
BRDA:55,3,0,0
BRDA:60,4,0,9
BRDA:60,4,1,0
BRDA:61,5,0,9
BRDA:61,5,1,0
BRDA:64,6,0,1
BRDA:80,7,0,0
BRF:11
BRH:5
end_of_record
TN:
SF:src\routes\intercept.ts
FN:27,forwardToInterceptor
FN:29,(anonymous_2)
FN:56,createInterceptRouter
FN:59,(anonymous_4)
FN:69,(anonymous_5)
FNF:5
FNH:3
FNDA:2,forwardToInterceptor
FNDA:0,(anonymous_2)
FNDA:1,createInterceptRouter
FNDA:2,(anonymous_4)
FNDA:0,(anonymous_5)
DA:1,1
DA:2,1
DA:3,1
DA:4,1
DA:5,1
DA:8,1
DA:14,1
DA:15,1
DA:20,1
DA:28,2
DA:29,2
DA:31,2
DA:32,2
DA:39,1
DA:41,1
DA:42,0
DA:45,1
DA:47,1
DA:48,1
DA:56,1
DA:57,1
DA:59,1
DA:60,2
DA:63,2
DA:64,2
DA:65,0
DA:69,0
DA:72,0
DA:73,0
DA:76,2
DA:77,2
DA:79,2
DA:81,2
DA:88,1
DA:91,1
DA:102,1
DA:107,1
DA:114,1
DA:116,1
DA:120,1
DA:132,1
DA:140,1
DA:151,1
DA:155,1
LF:44
LH:39
BRDA:9,0,0,1
BRDA:9,0,1,1
BRDA:14,1,0,1
BRDA:14,1,1,1
BRDA:20,2,0,0
BRDA:20,2,1,1
BRDA:41,3,0,0
BRDA:64,4,0,0
BRDA:77,5,0,2
BRDA:77,5,1,0
BRDA:84,6,0,2
BRDA:84,6,1,2
BRDA:85,7,0,2
BRDA:85,7,1,2
BRDA:121,8,0,1
BRDA:121,8,1,1
BRDA:135,9,0,1
BRDA:135,9,1,0
BRF:18
BRH:13
end_of_record
TN:
SF:src\services\pubsub.ts
FN:36,(anonymous_1)
FN:49,(anonymous_2)
FN:68,(anonymous_3)
FN:87,(anonymous_4)
FN:98,(anonymous_5)
FN:103,(anonymous_6)
FN:112,(anonymous_7)
FN:123,(anonymous_8)
FN:128,(anonymous_9)
FN:149,(anonymous_10)
FN:160,(anonymous_11)
FN:178,(anonymous_12)
FN:194,(anonymous_13)
FN:195,(anonymous_14)
FN:209,(anonymous_15)
FN:250,(anonymous_16)
FNF:16
FNH:12
FNDA:1,(anonymous_1)
FNDA:0,(anonymous_2)
FNDA:7,(anonymous_3)
FNDA:5,(anonymous_4)
FNDA:2,(anonymous_5)
FNDA:0,(anonymous_6)
FNDA:0,(anonymous_7)
FNDA:7,(anonymous_8)
FNDA:7,(anonymous_9)
FNDA:6,(anonymous_10)
FNDA:6,(anonymous_11)
FNDA:7,(anonymous_12)
FNDA:7,(anonymous_13)
FNDA:7,(anonymous_14)
FNDA:1,(anonymous_15)
FNDA:0,(anonymous_16)
DA:1,1
DA:2,1
DA:4,1
DA:27,1
DA:32,1
DA:33,1
DA:34,1
DA:37,1
DA:40,1
DA:41,1
DA:42,1
DA:50,0
DA:51,0
DA:52,0
DA:54,0
DA:55,0
DA:56,0
DA:57,0
DA:58,0
DA:61,0
DA:62,0
DA:69,7
DA:70,7
DA:72,3
DA:73,3
DA:74,3
DA:75,0
DA:76,0
DA:79,3
DA:80,3
DA:88,5
DA:89,5
DA:99,2
DA:100,2
DA:104,0
DA:105,0
DA:113,0
DA:114,0
DA:128,7
DA:129,7
DA:137,7
DA:138,7
DA:139,7
DA:142,7
DA:143,0
DA:144,0
DA:148,7
DA:149,6
DA:150,6
DA:152,6
DA:162,6
DA:163,6
DA:164,6
DA:165,6
DA:168,6
DA:169,6
DA:172,6
DA:174,6
DA:175,6
DA:178,6
DA:179,7
DA:180,7
DA:184,6
DA:185,6
DA:187,1
DA:188,1
DA:189,1
DA:193,6
DA:194,7
DA:195,7
DA:197,6
DA:199,0
DA:200,0
DA:201,0
DA:214,1
DA:215,1
DA:216,1
DA:219,1
DA:234,1
DA:239,0
DA:251,0
DA:252,0
DA:253,0
DA:255,0
DA:256,0
LF:85
LH:58
BRDA:5,0,0,1
BRDA:5,0,1,1
BRDA:38,1,0,1
BRDA:38,1,1,1
BRDA:52,2,0,0
BRDA:56,3,0,0
BRDA:70,4,0,4
BRDA:74,5,0,0
BRDA:137,6,0,7
BRDA:137,6,1,6
BRDA:142,7,0,0
BRDA:148,8,0,6
BRDA:163,9,0,6
BRDA:169,10,0,0
BRDA:169,11,0,6
BRDA:169,11,1,6
BRDA:215,12,0,1
BRF:17
BRH:12
end_of_record
